res = 280 : 8400 = 80 * 94 + 40 * 22, 5400 = 80 * 34 + 40 * 67
res = 200 : 7870 = 38 * 17 + 86 * 84, 6450 = 38 * 86 + 86 * 37
res = 234 : 4916 = 50 * 16 + 84 * 49, 7692 = 50 * 90 + 84 * 38
res = 178 : 6021 = 31 * 16 + 85 * 65, 3181 = 31 * 56 + 85 * 17
res = 162 : 3970 = 41 * 35 + 39 * 65, 4644 = 41 * 99 + 39 * 15
res = 142 : 2520 = 42 * 36 + 16 * 63, 4032 = 42 * 80 + 16 * 42
res = 168 : 4058 = 26 * 28 + 90 * 37, 2338 = 26 * 38 + 90 * 15
res = 270 : 7902 = 76 * 57 + 42 * 85, 6548 = 76 * 74 + 42 * 22
res = 165 : 4521 = 44 * 93 + 33 * 13, 3476 = 44 * 40 + 33 * 52
res = 354 : 7870 = 85 * 46 + 99 * 40, 10496 = 85 * 14 + 99 * 94
res = 336 : 9061 = 79 * 37 + 99 * 62, 9764 = 79 * 86 + 99 * 30
res = 75 : 2174 = 17 * 94 + 24 * 24, 3615 = 17 * 87 + 24 * 89
res = 300 : 8827 = 89 * 71 + 33 * 76, 4315 = 89 * 14 + 33 * 93
res = 137 : 5901 = 23 * 23 + 68 * 79, 2609 = 23 * 75 + 68 * 13
res = 92 : 3115 = 19 * 35 + 35 * 70, 2601 = 19 * 89 + 35 * 26
res = 359 : 9854 = 94 * 95 + 77 * 12, 8534 = 94 * 40 + 77 * 62
res = 131 : 2654 = 38 * 60 + 17 * 22, 2224 = 38 * 29 + 17 * 66
res = 94 : 5426 = 3 * 52 + 85 * 62, 3057 = 3 * 84 + 85 * 33
res = 272 : 7650 = 66 * 15 + 74 * 90, 9224 = 66 * 68 + 74 * 64
res = 146 : 8798 = 21 * 83 + 83 * 85, 8263 = 21 * 18 + 83 * 95
res = 341 : 9314 = 98 * 49 + 47 * 96, 9403 = 98 * 83 + 47 * 27
res = 335 : 5484 = 99 * 22 + 38 * 87, 3950 = 99 * 28 + 38 * 31
res = 255 : 5770 = 80 * 65 + 15 * 38, 7605 = 80 * 93 + 15 * 11
res = 299 : 8499 = 98 * 83 + 5 * 73, 2184 = 98 * 18 + 5 * 84
res = 76 : 2014 = 10 * 91 + 46 * 24, 1336 = 10 * 14 + 46 * 26
res = 313 : 6210 = 93 * 58 + 34 * 24, 3759 = 93 * 13 + 34 * 75
res = 281 : 7874 = 70 * 78 + 71 * 34, 3324 = 70 * 13 + 71 * 34
res = 49 : 1339 = 12 * 26 + 13 * 79, 1258 = 12 * 55 + 13 * 46
res = 201 : 8946 = 36 * 16 + 93 * 90, 6675 = 36 * 95 + 93 * 35
res = 359 : 5223 = 92 * 27 + 83 * 33, 5752 = 92 * 12 + 83 * 56
res = 246 : 3178 = 53 * 14 + 87 * 28, 3815 = 53 * 49 + 87 * 14
res = 105 : 2972 = 17 * 16 + 54 * 50, 2603 = 17 * 61 + 54 * 29
res = 303 : 8351 = 76 * 26 + 75 * 85, 12235 = 76 * 85 + 75 * 77
res = 155 : 6882 = 31 * 24 + 62 * 99, 2790 = 31 * 30 + 62 * 30
res = 103 : 2255 = 23 * 33 + 34 * 44, 1971 = 23 * 65 + 34 * 14
res = 287 : 10127 = 82 * 99 + 41 * 49, 3854 = 82 * 22 + 41 * 50
res = 47 : 1318 = 7 * 88 + 26 * 27, 2847 = 7 * 65 + 26 * 92
res = 69 : 1987 = 22 * 88 + 3 * 17, 1491 = 22 * 60 + 3 * 57
res = 89 : 6702 = 4 * 97 + 77 * 82, 7565 = 4 * 24 + 77 * 97
res = 57 : 1479 = 15 * 81 + 12 * 22, 1623 = 15 * 49 + 12 * 74
res = 31 : 1066 = 5 * 34 + 16 * 56, 919 = 5 * 75 + 16 * 34
res = 118 : 4588 = 13 * 43 + 79 * 51, 2897 = 13 * 77 + 79 * 24
res = 328 : 9821 = 93 * 84 + 49 * 41, 7395 = 93 * 40 + 49 * 75
res = 202 : 5114 = 60 * 68 + 22 * 47, 3736 = 60 * 30 + 22 * 88
res = 236 : 6500 = 75 * 83 + 11 * 25, 2510 = 75 * 21 + 11 * 85
res = 77 : 2974 = 4 * 61 + 65 * 42, 3826 = 4 * 14 + 65 * 58
res = 306 : 2376 = 90 * 14 + 36 * 31, 6066 = 90 * 55 + 36 * 31
res = 219 : 6144 = 57 * 96 + 48 * 14, 6174 = 57 * 62 + 48 * 55
res = 270 : 9066 = 86 * 99 + 12 * 46, 4636 = 86 * 44 + 12 * 71
res = 145 : 4293 = 31 * 11 + 52 * 76, 2993 = 31 * 63 + 52 * 20
res = 311 : 10223 = 79 * 91 + 74 * 41, 4910 = 79 * 20 + 74 * 45
res = 222 : 5732 = 47 * 22 + 81 * 58, 5618 = 47 * 73 + 81 * 27
res = 137 : 4222 = 14 * 98 + 95 * 30, 8942 = 14 * 28 + 95 * 90
res = 251 : 7175 = 57 * 15 + 80 * 79, 6309 = 57 * 77 + 80 * 24
res = 280 : 3035 = 85 * 31 + 25 * 16, 2755 = 85 * 18 + 25 * 49
res = 293 : 10277 = 65 * 39 + 98 * 79, 8493 = 65 * 99 + 98 * 21
res = 148 : 2728 = 21 * 53 + 85 * 19, 4522 = 21 * 17 + 85 * 49
res = 121 : 5724 = 26 * 68 + 43 * 92, 3709 = 26 * 12 + 43 * 79
res = 337 : 10363 = 84 * 92 + 85 * 31, 6356 = 84 * 19 + 85 * 56
res = 267 : 8923 = 59 * 17 + 90 * 88, 9502 = 59 * 68 + 90 * 61
res = 203 : 5467 = 35 * 89 + 98 * 24, 5726 = 35 * 32 + 98 * 47
res = 210 : 4164 = 47 * 24 + 69 * 44, 7028 = 47 * 13 + 69 * 93
res = 221 : 3562 = 65 * 20 + 26 * 87, 7852 = 65 * 84 + 26 * 92
res = 89 : 2061 = 17 * 81 + 38 * 18, 2391 = 17 * 49 + 38 * 41
res = 257 : 8547 = 77 * 85 + 26 * 77, 8247 = 77 * 99 + 26 * 24
res = 303 : 3305 = 98 * 25 + 9 * 95, 5010 = 98 * 48 + 9 * 34
res = 176 : 9014 = 38 * 92 + 62 * 89, 4140 = 38 * 91 + 62 * 11
res = 343 : 9177 = 91 * 87 + 70 * 18, 11851 = 91 * 71 + 70 * 77
res = 135 : 3604 = 34 * 40 + 33 * 68, 3273 = 34 * 72 + 33 * 25
res = 230 : 4950 = 60 * 45 + 50 * 45, 5240 = 60 * 19 + 50 * 82
res = 245 : 3253 = 62 * 42 + 59 * 11, 4754 = 62 * 31 + 59 * 48
res = 115 : 3365 = 27 * 73 + 34 * 41, 3304 = 27 * 38 + 34 * 67
res = 45 : 2813 = 7 * 83 + 24 * 93, 1145 = 7 * 95 + 24 * 20
res = 276 : 8048 = 59 * 76 + 99 * 36, 4824 = 59 * 18 + 99 * 38
res = 159 : 3827 = 44 * 79 + 27 * 13, 3771 = 44 * 63 + 27 * 37
res = 138 : 1416 = 42 * 14 + 12 * 69, 2340 = 42 * 40 + 12 * 55
res = 179 : 4347 = 38 * 34 + 65 * 47, 4536 = 38 * 92 + 65 * 16
res = 384 : 9109 = 97 * 22 + 93 * 75, 12567 = 97 * 96 + 93 * 35
res = 362 : 7819 = 95 * 28 + 77 * 67, 5879 = 95 * 40 + 77 * 27
res = 171 : 3354 = 39 * 32 + 54 * 39, 2925 = 39 * 57 + 54 * 13
res = 194 : 5442 = 40 * 75 + 74 * 33, 5474 = 40 * 24 + 74 * 61
res = 61 : 3406 = 4 * 43 + 49 * 66, 1522 = 4 * 62 + 49 * 26
res = 111 : 3069 = 23 * 33 + 42 * 55, 1913 = 23 * 43 + 42 * 22
res = 362 : 12058 = 92 * 89 + 86 * 45, 7534 = 92 * 23 + 86 * 63
res = 312 : 2838 = 93 * 11 + 33 * 55, 3312 = 93 * 31 + 33 * 13
res = 161 : 4994 = 48 * 92 + 17 * 34, 2845 = 48 * 32 + 17 * 77
res = 305 : 9490 = 75 * 22 + 80 * 98, 11300 = 75 * 92 + 80 * 55
res = 383 : 9560 = 95 * 80 + 98 * 20, 12967 = 95 * 55 + 98 * 79
res = 316 : 11448 = 75 * 58 + 91 * 78, 10064 = 75 * 99 + 91 * 29
res = 97 : 2272 = 23 * 44 + 28 * 45, 2945 = 23 * 27 + 28 * 83
res = 315 : 9618 = 84 * 74 + 63 * 54, 7497 = 84 * 33 + 63 * 75
res = 231 : 5632 = 55 * 22 + 66 * 67, 7568 = 55 * 86 + 66 * 43
res = 134 : 4456 = 34 * 84 + 32 * 50, 3590 = 34 * 19 + 32 * 92
res = 217 : 4645 = 55 * 23 + 52 * 65, 7318 = 55 * 82 + 52 * 54
res = 168 : 4992 = 54 * 91 + 6 * 13, 2142 = 54 * 36 + 6 * 33
res = 267 : 3894 = 72 * 30 + 51 * 34, 6636 = 72 * 78 + 51 * 20
res = 106 : 4895 = 19 * 90 + 49 * 65, 4428 = 19 * 19 + 49 * 83
res = 254 : 8120 = 58 * 60 + 80 * 58, 4542 = 58 * 59 + 80 * 14
res = 111 : 4683 = 17 * 39 + 60 * 67, 1930 = 17 * 50 + 60 * 18
res = 180 : 4290 = 42 * 79 + 54 * 18, 3120 = 42 * 28 + 54 * 36
res = 150 : 4410 = 39 * 31 + 33 * 97, 4086 = 39 * 76 + 33 * 34
res = 283 : 8020 = 68 * 25 + 79 * 80, 4798 = 68 * 45 + 79 * 22
res = 105 : 4800 = 15 * 88 + 60 * 58, 4035 = 15 * 13 + 60 * 64
res = 281 : 7583 = 80 * 83 + 41 * 23, 6045 = 80 * 32 + 41 * 85
res = 241 : 6381 = 58 * 28 + 67 * 71, 7115 = 58 * 73 + 67 * 43
res = 355 : 7101 = 99 * 19 + 58 * 90, 4509 = 99 * 35 + 58 * 18
res = 180 : 4128 = 59 * 66 + 3 * 78, 4420 = 59 * 74 + 3 * 18
res = 29 : 2076 = 3 * 72 + 20 * 93, 705 = 3 * 95 + 20 * 21
res = 247 : 10275 = 51 * 19 + 94 * 99, 12424 = 51 * 98 + 94 * 79
res = 113 : 6381 = 12 * 12 + 77 * 81, 5559 = 12 * 59 + 77 * 63
res = 179 : 4668 = 47 * 88 + 38 * 14, 6744 = 47 * 78 + 38 * 81
res = 252 : 2444 = 82 * 29 + 6 * 11, 2550 = 82 * 27 + 6 * 56
res = 73 : 2293 = 8 * 60 + 49 * 37, 4072 = 8 * 19 + 49 * 80
res = 185 : 3852 = 58 * 63 + 11 * 18, 4655 = 58 * 63 + 11 * 91
res = 70 : 1485 = 19 * 59 + 13 * 28, 1447 = 19 * 31 + 13 * 66
res = 59 : 1249 = 16 * 43 + 11 * 51, 1098 = 16 * 15 + 11 * 78
res = 281 : 3098 = 92 * 29 + 5 * 86, 7264 = 92 * 77 + 5 * 36
res = 174 : 5965 = 35 * 62 + 69 * 55, 7395 = 35 * 24 + 69 * 95
res = 118 : 4120 = 20 * 32 + 58 * 60, 5984 = 20 * 15 + 58 * 98
res = 155 : 2622 = 34 * 21 + 53 * 36, 3259 = 34 * 60 + 53 * 23
res = 237 : 7061 = 65 * 97 + 42 * 18, 4112 = 65 * 40 + 42 * 36
res = 220 : 5708 = 57 * 52 + 49 * 56, 5638 = 57 * 80 + 49 * 22
res = 286 : 4906 = 67 * 58 + 85 * 12, 6716 = 67 * 33 + 85 * 53
res = 123 : 2240 = 20 * 49 + 63 * 20, 3939 = 20 * 30 + 63 * 53
res = 183 : 2295 = 53 * 27 + 24 * 36, 4528 = 53 * 80 + 24 * 12
res = 267 : 5481 = 57 * 17 + 96 * 47, 8499 = 57 * 75 + 96 * 44
res = 173 : 2112 = 55 * 32 + 8 * 44, 1647 = 55 * 17 + 8 * 89
res = 303 : 5516 = 71 * 46 + 90 * 25, 4111 = 71 * 11 + 90 * 37
res = 167 : 8202 = 23 * 20 + 98 * 79, 9507 = 23 * 81 + 98 * 78
res = 117 : 3263 = 25 * 23 + 42 * 64, 1012 = 25 * 22 + 42 * 11
res = 238 : 7994 = 70 * 97 + 28 * 43, 5782 = 70 * 47 + 28 * 89
res = 365 : 2907 = 98 * 13 + 71 * 23, 9189 = 98 * 80 + 71 * 19
res = 215 : 1722 = 68 * 14 + 11 * 70, 6755 = 68 * 94 + 11 * 33
res = 142 : 8685 = 15 * 94 + 97 * 75, 6321 = 15 * 14 + 97 * 63
res = 189 : 3001 = 55 * 31 + 24 * 54, 2621 = 55 * 11 + 24 * 84
res = 119 : 1184 = 37 * 16 + 8 * 74, 3830 = 37 * 86 + 8 * 81
res = 142 : 2524 = 26 * 38 + 64 * 24, 5466 = 26 * 33 + 64 * 72
res = 141 : 1821 = 41 * 15 + 18 * 67, 5440 = 41 * 98 + 18 * 79
res = 142 : 2298 = 22 * 63 + 76 * 12, 6752 = 22 * 34 + 76 * 79
res = 83 : 2795 = 20 * 42 + 23 * 85, 2188 = 20 * 68 + 23 * 36
res = 81 : 1251 = 24 * 30 + 9 * 59, 2088 = 24 * 75 + 9 * 32
res = 282 : 5436 = 78 * 18 + 48 * 84, 5388 = 78 * 58 + 48 * 18
res = 303 : 7919 = 68 * 16 + 99 * 69, 3927 = 68 * 33 + 99 * 17
res = 73 : 3823 = 8 * 92 + 49 * 63, 4145 = 8 * 22 + 49 * 81
res = 144 : 4404 = 39 * 97 + 27 * 23, 3966 = 39 * 47 + 27 * 79
res = 31 : 615 = 9 * 27 + 4 * 93, 979 = 9 * 91 + 4 * 40
res = 292 : 2402 = 79 * 13 + 55 * 25, 4648 = 79 * 47 + 55 * 17
res = 294 : 2122 = 95 * 14 + 9 * 88, 7545 = 95 * 78 + 9 * 15
res = 124 : 6158 = 18 * 31 + 70 * 80, 1614 = 18 * 43 + 70 * 12
res = 134 : 6326 = 14 * 97 + 92 * 54, 9326 = 14 * 55 + 92 * 93
res = 291 : 8050 = 85 * 82 + 36 * 30, 8863 = 85 * 67 + 36 * 88
res = 119 : 7172 = 9 * 20 + 92 * 76, 4755 = 9 * 99 + 92 * 42
res = 222 : 6975 = 51 * 15 + 69 * 90, 9675 = 51 * 72 + 69 * 87
res = 318 : 8790 = 93 * 79 + 39 * 37, 3708 = 93 * 21 + 39 * 45
res = 149 : 5065 = 37 * 65 + 38 * 70, 3933 = 37 * 19 + 38 * 85
res = 312 : 3270 = 87 * 20 + 51 * 30, 9408 = 87 * 97 + 51 * 19
res = 188 : 4092 = 36 * 87 + 80 * 12, 4504 = 36 * 54 + 80 * 32
res = 210 : 5172 = 69 * 71 + 3 * 91, 6687 = 69 * 96 + 3 * 21
res = 239 : 2883 = 59 * 31 + 62 * 17, 3306 = 59 * 14 + 62 * 40
res = 308 : 9631 = 79 * 59 + 71 * 70, 7811 = 79 * 80 + 71 * 21
res = 331 : 9590 = 80 * 63 + 91 * 50, 10074 = 80 * 19 + 91 * 94
res = 263 : 4717 = 76 * 57 + 35 * 11, 3889 = 76 * 24 + 35 * 59
res = 357 : 7565 = 86 * 73 + 99 * 13, 12561 = 86 * 39 + 99 * 93
res = 313 : 11059 = 74 * 40 + 91 * 89, 8844 = 74 * 90 + 91 * 24
res = 55 : 1138 = 16 * 58 + 7 * 30, 770 = 16 * 21 + 7 * 62
res = 128 : 3388 = 31 * 63 + 35 * 41, 3431 = 31 * 26 + 35 * 75
res = 102 : 3436 = 25 * 37 + 27 * 93, 1180 = 25 * 31 + 27 * 15
res = 201 : 4254 = 66 * 63 + 3 * 32, 3495 = 66 * 49 + 3 * 87
res = 141 : 5267 = 23 * 13 + 72 * 69, 2506 = 23 * 62 + 72 * 15
res = 255 : 5046 = 62 * 48 + 69 * 30, 5008 = 62 * 14 + 69 * 60
res = 310 : 6386 = 93 * 43 + 31 * 77, 8308 = 93 * 77 + 31 * 37
res = 93 : 1299 = 23 * 21 + 24 * 34, 2457 = 23 * 15 + 24 * 88
res = 332 : 5272 = 78 * 50 + 98 * 14, 8766 = 78 * 37 + 98 * 60
