res = 280 : 8400 = 80 * 94 + 40 * 22, 5400 = 80 * 34 + 40 * 67
res = 200 : 7870 = 38 * 17 + 86 * 84, 6450 = 38 * 86 + 86 * 37
res = 234 : 4916 = 50 * 16 + 84 * 49, 7692 = 50 * 90 + 84 * 38
res = 178 : 6021 = 31 * 16 + 85 * 65, 3181 = 31 * 56 + 85 * 17
res = 162 : 3970 = 41 * 35 + 39 * 65, 4644 = 41 * 99 + 39 * 15
res = 162 : 3970 = 106 * 35 + 4 * 65, 4644 = 106 * 99 + 4 * 15
res = 1161 : 15644 = 367 * 32 + 60 * 65, 14165 = 367 * 83 + 60 * 14
res = 40 : 2520 = 0 * 36 + 40 * 63, 4032 = 0 * 80 + 40 * 42
res = 40 : 2520 = 21 * 36 + 28 * 63, 4032 = 21 * 80 + 28 * 42
res = 40 : 2520 = 42 * 36 + 16 * 63, 4032 = 42 * 80 + 16 * 42
res = 40 : 2520 = 63 * 36 + 4 * 63, 4032 = 63 * 80 + 4 * 42
res = 596 : 10432 = 64 * 62 + 404 * 16, 15392 = 64 * 26 + 404 * 44
res = 519 : 10432 = 152 * 62 + 63 * 16, 15392 = 152 * 26 + 63 * 44
res = 168 : 4058 = 26 * 28 + 90 * 37, 2338 = 26 * 38 + 90 * 15
res = 270 : 7902 = 76 * 57 + 42 * 85, 6548 = 76 * 74 + 42 * 22
res = 327 : 4521 = 5 * 93 + 312 * 13, 3476 = 5 * 40 + 312 * 52
res = 273 : 4521 = 18 * 93 + 219 * 13, 3476 = 18 * 40 + 219 * 52
res = 219 : 4521 = 31 * 93 + 126 * 13, 3476 = 31 * 40 + 126 * 52
res = 165 : 4521 = 44 * 93 + 33 * 13, 3476 = 44 * 40 + 33 * 52
res = 354 : 7870 = 85 * 46 + 99 * 40, 10496 = 85 * 14 + 99 * 94
res = 336 : 9061 = 79 * 37 + 99 * 62, 9764 = 79 * 86 + 99 * 30
res = 75 : 2174 = 17 * 94 + 24 * 24, 3615 = 17 * 87 + 24 * 89
res = 300 : 8827 = 89 * 71 + 33 * 76, 4315 = 89 * 14 + 33 * 93
res = 899 : 11773 = 240 * 14 + 179 * 47, 5847 = 240 * 58 + 179 * 13
res = 137 : 5901 = 23 * 23 + 68 * 79, 2609 = 23 * 75 + 68 * 13
res = 92 : 3115 = 19 * 35 + 35 * 70, 2601 = 19 * 89 + 35 * 26
res = 92 : 3115 = 45 * 35 + 22 * 70, 2601 = 45 * 89 + 22 * 26
res = 92 : 3115 = 71 * 35 + 9 * 70, 2601 = 71 * 89 + 9 * 26
res = 359 : 9854 = 94 * 95 + 77 * 12, 8534 = 94 * 40 + 77 * 62
res = 131 : 2654 = 38 * 60 + 17 * 22, 2224 = 38 * 29 + 17 * 66
res = 94 : 5426 = 3 * 52 + 85 * 62, 3057 = 3 * 84 + 85 * 33
res = 136 : 7650 = 18 * 15 + 82 * 90, 9224 = 18 * 68 + 82 * 64
res = 136 : 7650 = 66 * 15 + 74 * 90, 9224 = 66 * 68 + 74 * 64
res = 136 : 7650 = 114 * 15 + 66 * 90, 9224 = 114 * 68 + 66 * 64
res = 136 : 7650 = 162 * 15 + 58 * 90, 9224 = 162 * 68 + 58 * 64
res = 136 : 7650 = 210 * 15 + 50 * 90, 9224 = 210 * 68 + 50 * 64
res = 136 : 7650 = 258 * 15 + 42 * 90, 9224 = 258 * 68 + 42 * 64
res = 136 : 7650 = 306 * 15 + 34 * 90, 9224 = 306 * 68 + 34 * 64
res = 136 : 7650 = 354 * 15 + 26 * 90, 9224 = 354 * 68 + 26 * 64
res = 136 : 7650 = 402 * 15 + 18 * 90, 9224 = 402 * 68 + 18 * 64
res = 136 : 7650 = 450 * 15 + 10 * 90, 9224 = 450 * 68 + 10 * 64
res = 136 : 7650 = 498 * 15 + 2 * 90, 9224 = 498 * 68 + 2 * 64
res = 146 : 8798 = 21 * 83 + 83 * 85, 8263 = 21 * 18 + 83 * 95
res = 341 : 9314 = 98 * 49 + 47 * 96, 9403 = 98 * 83 + 47 * 27
res = 335 : 5484 = 99 * 22 + 38 * 87, 3950 = 99 * 28 + 38 * 31
res = 255 : 5770 = 80 * 65 + 15 * 38, 7605 = 80 * 93 + 15 * 11
res = 299 : 8499 = 98 * 83 + 5 * 73, 2184 = 98 * 18 + 5 * 84
res = 706 : 15744 = 138 * 76 + 292 * 18, 17394 = 138 * 13 + 292 * 75
res = 76 : 2014 = 10 * 91 + 46 * 24, 1336 = 10 * 14 + 46 * 26
res = 313 : 6210 = 93 * 58 + 34 * 24, 3759 = 93 * 13 + 34 * 75
res = 233 : 7874 = 2 * 78 + 227 * 34, 3324 = 2 * 13 + 227 * 34
res = 233 : 7874 = 36 * 78 + 149 * 34, 3324 = 36 * 13 + 149 * 34
res = 233 : 7874 = 70 * 78 + 71 * 34, 3324 = 70 * 13 + 71 * 34
res = 1275 : 18357 = 359 * 39 + 198 * 22, 16009 = 359 * 17 + 198 * 39
res = 573 : 2865 = 191 * 15 + 0 * 76, 19593 = 191 * 49 + 0 * 34
res = 49 : 1339 = 12 * 26 + 13 * 79, 1258 = 12 * 55 + 13 * 46
res = 880 : 15840 = 0 * 55 + 880 * 18, 9912 = 0 * 37 + 880 * 42
res = 873 : 15840 = 126 * 55 + 495 * 18, 9912 = 126 * 37 + 495 * 42
res = 866 : 15840 = 252 * 55 + 110 * 18, 9912 = 252 * 37 + 110 * 42
res = 201 : 8946 = 36 * 16 + 93 * 90, 6675 = 36 * 95 + 93 * 35
res = 201 : 8946 = 351 * 16 + 37 * 90, 6675 = 351 * 95 + 37 * 35
res = 359 : 5223 = 92 * 27 + 83 * 33, 5752 = 92 * 12 + 83 * 56
res = 116 : 3178 = 1 * 14 + 113 * 28, 3815 = 1 * 49 + 113 * 14
res = 116 : 3178 = 3 * 14 + 112 * 28, 3815 = 3 * 49 + 112 * 14
res = 116 : 3178 = 5 * 14 + 111 * 28, 3815 = 5 * 49 + 111 * 14
res = 116 : 3178 = 7 * 14 + 110 * 28, 3815 = 7 * 49 + 110 * 14
res = 116 : 3178 = 9 * 14 + 109 * 28, 3815 = 9 * 49 + 109 * 14
res = 116 : 3178 = 11 * 14 + 108 * 28, 3815 = 11 * 49 + 108 * 14
res = 116 : 3178 = 13 * 14 + 107 * 28, 3815 = 13 * 49 + 107 * 14
res = 116 : 3178 = 15 * 14 + 106 * 28, 3815 = 15 * 49 + 106 * 14
res = 116 : 3178 = 17 * 14 + 105 * 28, 3815 = 17 * 49 + 105 * 14
res = 116 : 3178 = 19 * 14 + 104 * 28, 3815 = 19 * 49 + 104 * 14
res = 116 : 3178 = 21 * 14 + 103 * 28, 3815 = 21 * 49 + 103 * 14
res = 116 : 3178 = 23 * 14 + 102 * 28, 3815 = 23 * 49 + 102 * 14
res = 116 : 3178 = 25 * 14 + 101 * 28, 3815 = 25 * 49 + 101 * 14
res = 116 : 3178 = 27 * 14 + 100 * 28, 3815 = 27 * 49 + 100 * 14
res = 116 : 3178 = 29 * 14 + 99 * 28, 3815 = 29 * 49 + 99 * 14
res = 116 : 3178 = 31 * 14 + 98 * 28, 3815 = 31 * 49 + 98 * 14
res = 116 : 3178 = 33 * 14 + 97 * 28, 3815 = 33 * 49 + 97 * 14
res = 116 : 3178 = 35 * 14 + 96 * 28, 3815 = 35 * 49 + 96 * 14
res = 116 : 3178 = 37 * 14 + 95 * 28, 3815 = 37 * 49 + 95 * 14
res = 116 : 3178 = 39 * 14 + 94 * 28, 3815 = 39 * 49 + 94 * 14
res = 116 : 3178 = 41 * 14 + 93 * 28, 3815 = 41 * 49 + 93 * 14
res = 116 : 3178 = 43 * 14 + 92 * 28, 3815 = 43 * 49 + 92 * 14
res = 116 : 3178 = 45 * 14 + 91 * 28, 3815 = 45 * 49 + 91 * 14
res = 116 : 3178 = 47 * 14 + 90 * 28, 3815 = 47 * 49 + 90 * 14
res = 116 : 3178 = 49 * 14 + 89 * 28, 3815 = 49 * 49 + 89 * 14
res = 116 : 3178 = 51 * 14 + 88 * 28, 3815 = 51 * 49 + 88 * 14
res = 116 : 3178 = 53 * 14 + 87 * 28, 3815 = 53 * 49 + 87 * 14
res = 116 : 3178 = 55 * 14 + 86 * 28, 3815 = 55 * 49 + 86 * 14
res = 116 : 3178 = 57 * 14 + 85 * 28, 3815 = 57 * 49 + 85 * 14
res = 116 : 3178 = 59 * 14 + 84 * 28, 3815 = 59 * 49 + 84 * 14
res = 116 : 3178 = 61 * 14 + 83 * 28, 3815 = 61 * 49 + 83 * 14
res = 116 : 3178 = 63 * 14 + 82 * 28, 3815 = 63 * 49 + 82 * 14
res = 116 : 3178 = 65 * 14 + 81 * 28, 3815 = 65 * 49 + 81 * 14
res = 116 : 3178 = 67 * 14 + 80 * 28, 3815 = 67 * 49 + 80 * 14
res = 116 : 3178 = 69 * 14 + 79 * 28, 3815 = 69 * 49 + 79 * 14
res = 116 : 3178 = 71 * 14 + 78 * 28, 3815 = 71 * 49 + 78 * 14
res = 116 : 3178 = 73 * 14 + 77 * 28, 3815 = 73 * 49 + 77 * 14
res = 116 : 3178 = 75 * 14 + 76 * 28, 3815 = 75 * 49 + 76 * 14
res = 116 : 3178 = 77 * 14 + 75 * 28, 3815 = 77 * 49 + 75 * 14
res = 116 : 3178 = 79 * 14 + 74 * 28, 3815 = 79 * 49 + 74 * 14
res = 116 : 3178 = 81 * 14 + 73 * 28, 3815 = 81 * 49 + 73 * 14
res = 116 : 3178 = 83 * 14 + 72 * 28, 3815 = 83 * 49 + 72 * 14
res = 116 : 3178 = 85 * 14 + 71 * 28, 3815 = 85 * 49 + 71 * 14
res = 116 : 3178 = 87 * 14 + 70 * 28, 3815 = 87 * 49 + 70 * 14
res = 116 : 3178 = 89 * 14 + 69 * 28, 3815 = 89 * 49 + 69 * 14
res = 116 : 3178 = 91 * 14 + 68 * 28, 3815 = 91 * 49 + 68 * 14
res = 116 : 3178 = 93 * 14 + 67 * 28, 3815 = 93 * 49 + 67 * 14
res = 116 : 3178 = 95 * 14 + 66 * 28, 3815 = 95 * 49 + 66 * 14
res = 116 : 3178 = 97 * 14 + 65 * 28, 3815 = 97 * 49 + 65 * 14
res = 116 : 3178 = 99 * 14 + 64 * 28, 3815 = 99 * 49 + 64 * 14
res = 116 : 3178 = 101 * 14 + 63 * 28, 3815 = 101 * 49 + 63 * 14
res = 116 : 3178 = 103 * 14 + 62 * 28, 3815 = 103 * 49 + 62 * 14
res = 116 : 3178 = 105 * 14 + 61 * 28, 3815 = 105 * 49 + 61 * 14
res = 116 : 3178 = 107 * 14 + 60 * 28, 3815 = 107 * 49 + 60 * 14
res = 116 : 3178 = 109 * 14 + 59 * 28, 3815 = 109 * 49 + 59 * 14
res = 116 : 3178 = 111 * 14 + 58 * 28, 3815 = 111 * 49 + 58 * 14
res = 116 : 3178 = 113 * 14 + 57 * 28, 3815 = 113 * 49 + 57 * 14
res = 116 : 3178 = 115 * 14 + 56 * 28, 3815 = 115 * 49 + 56 * 14
res = 116 : 3178 = 117 * 14 + 55 * 28, 3815 = 117 * 49 + 55 * 14
res = 116 : 3178 = 119 * 14 + 54 * 28, 3815 = 119 * 49 + 54 * 14
res = 116 : 3178 = 121 * 14 + 53 * 28, 3815 = 121 * 49 + 53 * 14
res = 116 : 3178 = 123 * 14 + 52 * 28, 3815 = 123 * 49 + 52 * 14
res = 116 : 3178 = 125 * 14 + 51 * 28, 3815 = 125 * 49 + 51 * 14
res = 116 : 3178 = 127 * 14 + 50 * 28, 3815 = 127 * 49 + 50 * 14
res = 116 : 3178 = 129 * 14 + 49 * 28, 3815 = 129 * 49 + 49 * 14
res = 116 : 3178 = 131 * 14 + 48 * 28, 3815 = 131 * 49 + 48 * 14
res = 116 : 3178 = 133 * 14 + 47 * 28, 3815 = 133 * 49 + 47 * 14
res = 116 : 3178 = 135 * 14 + 46 * 28, 3815 = 135 * 49 + 46 * 14
res = 116 : 3178 = 137 * 14 + 45 * 28, 3815 = 137 * 49 + 45 * 14
res = 116 : 3178 = 139 * 14 + 44 * 28, 3815 = 139 * 49 + 44 * 14
res = 116 : 3178 = 141 * 14 + 43 * 28, 3815 = 141 * 49 + 43 * 14
res = 116 : 3178 = 143 * 14 + 42 * 28, 3815 = 143 * 49 + 42 * 14
res = 116 : 3178 = 145 * 14 + 41 * 28, 3815 = 145 * 49 + 41 * 14
res = 116 : 3178 = 147 * 14 + 40 * 28, 3815 = 147 * 49 + 40 * 14
res = 116 : 3178 = 149 * 14 + 39 * 28, 3815 = 149 * 49 + 39 * 14
res = 116 : 3178 = 151 * 14 + 38 * 28, 3815 = 151 * 49 + 38 * 14
res = 116 : 3178 = 153 * 14 + 37 * 28, 3815 = 153 * 49 + 37 * 14
res = 116 : 3178 = 155 * 14 + 36 * 28, 3815 = 155 * 49 + 36 * 14
res = 116 : 3178 = 157 * 14 + 35 * 28, 3815 = 157 * 49 + 35 * 14
res = 116 : 3178 = 159 * 14 + 34 * 28, 3815 = 159 * 49 + 34 * 14
res = 116 : 3178 = 161 * 14 + 33 * 28, 3815 = 161 * 49 + 33 * 14
res = 116 : 3178 = 163 * 14 + 32 * 28, 3815 = 163 * 49 + 32 * 14
res = 116 : 3178 = 165 * 14 + 31 * 28, 3815 = 165 * 49 + 31 * 14
res = 116 : 3178 = 167 * 14 + 30 * 28, 3815 = 167 * 49 + 30 * 14
res = 116 : 3178 = 169 * 14 + 29 * 28, 3815 = 169 * 49 + 29 * 14
res = 116 : 3178 = 171 * 14 + 28 * 28, 3815 = 171 * 49 + 28 * 14
res = 116 : 3178 = 173 * 14 + 27 * 28, 3815 = 173 * 49 + 27 * 14
res = 116 : 3178 = 175 * 14 + 26 * 28, 3815 = 175 * 49 + 26 * 14
res = 116 : 3178 = 177 * 14 + 25 * 28, 3815 = 177 * 49 + 25 * 14
res = 116 : 3178 = 179 * 14 + 24 * 28, 3815 = 179 * 49 + 24 * 14
res = 116 : 3178 = 181 * 14 + 23 * 28, 3815 = 181 * 49 + 23 * 14
res = 116 : 3178 = 183 * 14 + 22 * 28, 3815 = 183 * 49 + 22 * 14
res = 116 : 3178 = 185 * 14 + 21 * 28, 3815 = 185 * 49 + 21 * 14
res = 116 : 3178 = 187 * 14 + 20 * 28, 3815 = 187 * 49 + 20 * 14
res = 116 : 3178 = 189 * 14 + 19 * 28, 3815 = 189 * 49 + 19 * 14
res = 116 : 3178 = 191 * 14 + 18 * 28, 3815 = 191 * 49 + 18 * 14
res = 116 : 3178 = 193 * 14 + 17 * 28, 3815 = 193 * 49 + 17 * 14
res = 116 : 3178 = 195 * 14 + 16 * 28, 3815 = 195 * 49 + 16 * 14
res = 116 : 3178 = 197 * 14 + 15 * 28, 3815 = 197 * 49 + 15 * 14
res = 116 : 3178 = 199 * 14 + 14 * 28, 3815 = 199 * 49 + 14 * 14
res = 116 : 3178 = 201 * 14 + 13 * 28, 3815 = 201 * 49 + 13 * 14
res = 116 : 3178 = 203 * 14 + 12 * 28, 3815 = 203 * 49 + 12 * 14
res = 116 : 3178 = 205 * 14 + 11 * 28, 3815 = 205 * 49 + 11 * 14
res = 116 : 3178 = 207 * 14 + 10 * 28, 3815 = 207 * 49 + 10 * 14
res = 116 : 3178 = 209 * 14 + 9 * 28, 3815 = 209 * 49 + 9 * 14
res = 116 : 3178 = 211 * 14 + 8 * 28, 3815 = 211 * 49 + 8 * 14
res = 116 : 3178 = 213 * 14 + 7 * 28, 3815 = 213 * 49 + 7 * 14
res = 116 : 3178 = 215 * 14 + 6 * 28, 3815 = 215 * 49 + 6 * 14
res = 116 : 3178 = 217 * 14 + 5 * 28, 3815 = 217 * 49 + 5 * 14
res = 116 : 3178 = 219 * 14 + 4 * 28, 3815 = 219 * 49 + 4 * 14
res = 116 : 3178 = 221 * 14 + 3 * 28, 3815 = 221 * 49 + 3 * 14
res = 116 : 3178 = 223 * 14 + 2 * 28, 3815 = 223 * 49 + 2 * 14
res = 116 : 3178 = 225 * 14 + 1 * 28, 3815 = 225 * 49 + 1 * 14
res = 116 : 3178 = 227 * 14 + 0 * 28, 3815 = 227 * 49 + 0 * 14
res = 105 : 2972 = 17 * 16 + 54 * 50, 2603 = 17 * 61 + 54 * 29
res = 138 : 1766 = 38 * 13 + 24 * 53, 15426 = 38 * 32 + 24 * 14
res = 726 : 14383 = 137 * 59 + 315 * 20, 5868 = 137 * 20 + 315 * 46
res = 303 : 8351 = 76 * 26 + 75 * 85, 12235 = 76 * 85 + 75 * 77
res = 459 : 17657 = 55 * 11 + 294 * 58, 9515 = 55 * 71 + 294 * 15
res = 459 : 17657 = 925 * 11 + 129 * 58, 9515 = 925 * 71 + 129 * 15
res = 155 : 6882 = 31 * 24 + 62 * 99, 2790 = 31 * 30 + 62 * 30
res = 155 : 6882 = 64 * 24 + 54 * 99, 2790 = 64 * 30 + 54 * 30
res = 155 : 6882 = 97 * 24 + 46 * 99, 2790 = 97 * 30 + 46 * 30
res = 155 : 6882 = 130 * 24 + 38 * 99, 2790 = 130 * 30 + 38 * 30
res = 155 : 6882 = 163 * 24 + 30 * 99, 2790 = 163 * 30 + 30 * 30
res = 155 : 6882 = 196 * 24 + 22 * 99, 2790 = 196 * 30 + 22 * 30
res = 155 : 6882 = 229 * 24 + 14 * 99, 2790 = 229 * 30 + 14 * 30
res = 155 : 6882 = 262 * 24 + 6 * 99, 2790 = 262 * 30 + 6 * 30
res = 103 : 2255 = 23 * 33 + 34 * 44, 1971 = 23 * 65 + 34 * 14
res = 103 : 2255 = 51 * 33 + 13 * 44, 1971 = 51 * 65 + 13 * 14
res = 287 : 10127 = 82 * 99 + 41 * 49, 3854 = 82 * 22 + 41 * 50
res = 47 : 1318 = 7 * 88 + 26 * 27, 2847 = 7 * 65 + 26 * 92
res = 69 : 1987 = 22 * 88 + 3 * 17, 1491 = 22 * 60 + 3 * 57
res = 89 : 6702 = 4 * 97 + 77 * 82, 7565 = 4 * 24 + 77 * 97
res = 57 : 1479 = 15 * 81 + 12 * 22, 1623 = 15 * 49 + 12 * 74
res = 31 : 1066 = 5 * 34 + 16 * 56, 919 = 5 * 75 + 16 * 34
res = 118 : 4588 = 13 * 43 + 79 * 51, 2897 = 13 * 77 + 79 * 24
res = 328 : 9821 = 93 * 84 + 49 * 41, 7395 = 93 * 40 + 49 * 75
res = 202 : 5114 = 60 * 68 + 22 * 47, 3736 = 60 * 30 + 22 * 88
res = 642 : 12990 = 168 * 42 + 138 * 43, 18348 = 168 * 70 + 138 * 18
res = 236 : 6500 = 75 * 83 + 11 * 25, 2510 = 75 * 21 + 11 * 85
res = 84 : 2784 = 12 * 20 + 48 * 53, 7720 = 12 * 60 + 48 * 25
res = 77 : 2974 = 4 * 61 + 65 * 42, 3826 = 4 * 14 + 65 * 58
res = 148 : 2376 = 28 * 14 + 64 * 31, 6066 = 28 * 55 + 64 * 31
res = 148 : 2376 = 59 * 14 + 50 * 31, 6066 = 59 * 55 + 50 * 31
res = 148 : 2376 = 90 * 14 + 36 * 31, 6066 = 90 * 55 + 36 * 31
res = 148 : 2376 = 121 * 14 + 22 * 31, 6066 = 121 * 55 + 22 * 31
res = 148 : 2376 = 152 * 14 + 8 * 31, 6066 = 152 * 55 + 8 * 31
res = 219 : 6144 = 57 * 96 + 48 * 14, 6174 = 57 * 62 + 48 * 55
res = 270 : 9066 = 86 * 99 + 12 * 46, 4636 = 86 * 44 + 12 * 71
res = 145 : 4293 = 31 * 11 + 52 * 76, 2993 = 31 * 63 + 52 * 20
res = 311 : 10223 = 79 * 91 + 74 * 41, 4910 = 79 * 20 + 74 * 45
res = 1312 : 14051 = 381 * 32 + 169 * 11, 8337 = 381 * 14 + 169 * 39
res = 222 : 5732 = 47 * 22 + 81 * 58, 5618 = 47 * 73 + 81 * 27
res = 137 : 4222 = 14 * 98 + 95 * 30, 8942 = 14 * 28 + 95 * 90
res = 251 : 7175 = 57 * 15 + 80 * 79, 6309 = 57 * 77 + 80 * 24
res = 280 : 3035 = 85 * 31 + 25 * 16, 2755 = 85 * 18 + 25 * 49
res = 293 : 10277 = 65 * 39 + 98 * 79, 8493 = 65 * 99 + 98 * 21
res = 148 : 2728 = 21 * 53 + 85 * 19, 4522 = 21 * 17 + 85 * 49
res = 918 : 14184 = 72 * 41 + 702 * 16, 5660 = 72 * 21 + 702 * 34
res = 918 : 14184 = 344 * 41 + 5 * 16, 5660 = 344 * 21 + 5 * 34
res = 121 : 5724 = 26 * 68 + 43 * 92, 3709 = 26 * 12 + 43 * 79
res = 400 : 14375 = 71 * 26 + 187 * 67, 1355 = 71 * 61 + 187 * 32
res = 337 : 10363 = 84 * 92 + 85 * 31, 6356 = 84 * 19 + 85 * 56
res = 266 : 7960 = 25 * 51 + 191 * 35, 18468 = 25 * 73 + 191 * 11
res = 267 : 8923 = 59 * 17 + 90 * 88, 9502 = 59 * 68 + 90 * 61
res = 203 : 5467 = 35 * 89 + 98 * 24, 5726 = 35 * 32 + 98 * 47
res = 1211 : 19287 = 358 * 29 + 137 * 65, 12213 = 358 * 83 + 137 * 11
res = 320 : 4420 = 85 * 26 + 65 * 34, 18770 = 85 * 61 + 65 * 13
res = 210 : 4164 = 47 * 24 + 69 * 44, 7028 = 47 * 13 + 69 * 93
res = 221 : 3562 = 65 * 20 + 26 * 87, 7852 = 65 * 84 + 26 * 92
res = 89 : 2061 = 17 * 81 + 38 * 18, 2391 = 17 * 49 + 38 * 41
res = 2139 : 14697 = 699 * 17 + 42 * 67, 17294 = 699 * 48 + 42 * 22
res = 257 : 8547 = 77 * 85 + 26 * 77, 8247 = 77 * 99 + 26 * 24
res = 303 : 3305 = 98 * 25 + 9 * 95, 5010 = 98 * 48 + 9 * 34
res = 176 : 9014 = 38 * 92 + 62 * 89, 4140 = 38 * 91 + 62 * 11
res = 343 : 9177 = 91 * 87 + 70 * 18, 11851 = 91 * 71 + 70 * 77
res = 135 : 3604 = 34 * 40 + 33 * 68, 3273 = 34 * 72 + 33 * 25
res = 230 : 4950 = 60 * 45 + 50 * 45, 5240 = 60 * 19 + 50 * 82
res = 245 : 3253 = 62 * 42 + 59 * 11, 4754 = 62 * 31 + 59 * 48
res = 115 : 3365 = 27 * 73 + 34 * 41, 3304 = 27 * 38 + 34 * 67
res = 45 : 2813 = 7 * 83 + 24 * 93, 1145 = 7 * 95 + 24 * 20
res = 276 : 8048 = 59 * 76 + 99 * 36, 4824 = 59 * 18 + 99 * 38
res = 159 : 3827 = 44 * 79 + 27 * 13, 3771 = 44 * 63 + 27 * 37
res = 588 : 9220 = 76 * 55 + 360 * 14, 12416 = 76 * 26 + 360 * 45
res = 138 : 1416 = 42 * 14 + 12 * 69, 2340 = 42 * 40 + 12 * 55
res = 179 : 4347 = 38 * 34 + 65 * 47, 4536 = 38 * 92 + 65 * 16
res = 674 : 19540 = 45 * 15 + 539 * 35, 3303 = 45 * 55 + 539 * 12
res = 674 : 19540 = 129 * 15 + 503 * 35, 3303 = 129 * 55 + 503 * 12
res = 674 : 19540 = 213 * 15 + 467 * 35, 3303 = 213 * 55 + 467 * 12
res = 674 : 19540 = 297 * 15 + 431 * 35, 3303 = 297 * 55 + 431 * 12
res = 674 : 19540 = 381 * 15 + 395 * 35, 3303 = 381 * 55 + 395 * 12
res = 674 : 19540 = 465 * 15 + 359 * 35, 3303 = 465 * 55 + 359 * 12
res = 674 : 19540 = 549 * 15 + 323 * 35, 3303 = 549 * 55 + 323 * 12
res = 674 : 19540 = 633 * 15 + 287 * 35, 3303 = 633 * 55 + 287 * 12
res = 674 : 19540 = 717 * 15 + 251 * 35, 3303 = 717 * 55 + 251 * 12
res = 674 : 19540 = 801 * 15 + 215 * 35, 3303 = 801 * 55 + 215 * 12
res = 674 : 19540 = 885 * 15 + 179 * 35, 3303 = 885 * 55 + 179 * 12
res = 674 : 19540 = 969 * 15 + 143 * 35, 3303 = 969 * 55 + 143 * 12
res = 674 : 19540 = 1053 * 15 + 107 * 35, 3303 = 1053 * 55 + 107 * 12
res = 674 : 19540 = 1137 * 15 + 71 * 35, 3303 = 1137 * 55 + 71 * 12
res = 674 : 19540 = 1221 * 15 + 35 * 35, 3303 = 1221 * 55 + 35 * 12
res = 493 : 7619 = 133 * 17 + 94 * 57, 13715 = 133 * 29 + 94 * 31
res = 274 : 11684 = 1 * 31 + 271 * 43, 15260 = 1 * 56 + 271 * 12
res = 274 : 11684 = 130 * 31 + 178 * 43, 15260 = 130 * 56 + 178 * 12
res = 274 : 11684 = 259 * 31 + 85 * 43, 15260 = 259 * 56 + 85 * 12
res = 384 : 9109 = 97 * 22 + 93 * 75, 12567 = 97 * 96 + 93 * 35
res = 362 : 7819 = 95 * 28 + 77 * 67, 5879 = 95 * 40 + 77 * 27
res = 86 : 3354 = 0 * 32 + 86 * 39, 2925 = 0 * 57 + 86 * 13
res = 86 : 3354 = 39 * 32 + 54 * 39, 2925 = 39 * 57 + 54 * 13
res = 86 : 3354 = 78 * 32 + 22 * 39, 2925 = 78 * 57 + 22 * 13
res = 644 : 15072 = 150 * 19 + 194 * 63, 6170 = 150 * 69 + 194 * 11
res = 194 : 5442 = 40 * 75 + 74 * 33, 5474 = 40 * 24 + 74 * 61
res = 151 : 7024 = 15 * 16 + 106 * 64, 11470 = 15 * 60 + 106 * 14
res = 151 : 7024 = 43 * 16 + 99 * 64, 11470 = 43 * 60 + 99 * 14
res = 151 : 7024 = 71 * 16 + 92 * 64, 11470 = 71 * 60 + 92 * 14
res = 151 : 7024 = 99 * 16 + 85 * 64, 11470 = 99 * 60 + 85 * 14
res = 151 : 7024 = 127 * 16 + 78 * 64, 11470 = 127 * 60 + 78 * 14
res = 151 : 7024 = 155 * 16 + 71 * 64, 11470 = 155 * 60 + 71 * 14
res = 151 : 7024 = 183 * 16 + 64 * 64, 11470 = 183 * 60 + 64 * 14
res = 151 : 7024 = 211 * 16 + 57 * 64, 11470 = 211 * 60 + 57 * 14
res = 151 : 7024 = 239 * 16 + 50 * 64, 11470 = 239 * 60 + 50 * 14
res = 151 : 7024 = 267 * 16 + 43 * 64, 11470 = 267 * 60 + 43 * 14
res = 151 : 7024 = 295 * 16 + 36 * 64, 11470 = 295 * 60 + 36 * 14
res = 151 : 7024 = 323 * 16 + 29 * 64, 11470 = 323 * 60 + 29 * 14
res = 151 : 7024 = 351 * 16 + 22 * 64, 11470 = 351 * 60 + 22 * 14
res = 151 : 7024 = 379 * 16 + 15 * 64, 11470 = 379 * 60 + 15 * 14
res = 151 : 7024 = 407 * 16 + 8 * 64, 11470 = 407 * 60 + 8 * 14
res = 151 : 7024 = 435 * 16 + 1 * 64, 11470 = 435 * 60 + 1 * 14
res = 496 : 9776 = 104 * 48 + 184 * 26, 8036 = 104 * 18 + 184 * 46
res = 2408 : 16723 = 791 * 18 + 35 * 71, 8394 = 791 * 60 + 35 * 34
res = 846 : 12390 = 228 * 11 + 162 * 61, 18312 = 228 * 44 + 162 * 36
res = 846 : 12390 = 777 * 11 + 63 * 61, 18312 = 777 * 44 + 63 * 36
res = 774 : 17224 = 112 * 13 + 438 * 36, 6774 = 112 * 32 + 438 * 22
res = 774 : 17224 = 508 * 13 + 295 * 36, 6774 = 508 * 32 + 295 * 22
res = 774 : 17224 = 904 * 13 + 152 * 36, 6774 = 904 * 32 + 152 * 22
res = 774 : 17224 = 1300 * 13 + 9 * 36, 6774 = 1300 * 32 + 9 * 22
res = 468 : 3132 = 150 * 12 + 18 * 74, 9154 = 150 * 39 + 18 * 28
res = 61 : 3406 = 4 * 43 + 49 * 66, 1522 = 4 * 62 + 49 * 26
res = 111 : 3069 = 23 * 33 + 42 * 55, 1913 = 23 * 43 + 42 * 22
res = 362 : 12058 = 92 * 89 + 86 * 45, 7534 = 92 * 23 + 86 * 63
res = 1740 : 16956 = 512 * 12 + 204 * 53, 18034 = 512 * 65 + 204 * 14
res = 1740 : 16956 = 1254 * 12 + 36 * 53, 18034 = 1254 * 65 + 36 * 14
res = 130 : 2838 = 28 * 11 + 46 * 55, 3312 = 28 * 31 + 46 * 13
res = 130 : 2838 = 93 * 11 + 33 * 55, 3312 = 93 * 31 + 33 * 13
res = 130 : 2838 = 158 * 11 + 20 * 55, 3312 = 158 * 31 + 20 * 13
res = 130 : 2838 = 223 * 11 + 7 * 55, 3312 = 223 * 31 + 7 * 13
res = 791 : 13711 = 142 * 58 + 365 * 15, 7138 = 142 * 31 + 365 * 38
res = 1383 : 15157 = 382 * 13 + 237 * 43, 2661 = 382 * 37 + 237 * 11
res = 1383 : 15157 = 855 * 13 + 94 * 43, 2661 = 855 * 37 + 94 * 11
res = 161 : 4994 = 48 * 92 + 17 * 34, 2845 = 48 * 32 + 17 * 77
res = 305 : 9490 = 75 * 22 + 80 * 98, 11300 = 75 * 92 + 80 * 55
res = 462 : 9560 = 16 * 80 + 414 * 20, 12967 = 16 * 55 + 414 * 79
res = 383 : 9560 = 95 * 80 + 98 * 20, 12967 = 95 * 55 + 98 * 79
res = 316 : 11448 = 75 * 58 + 91 * 78, 10064 = 75 * 99 + 91 * 29
res = 97 : 2272 = 23 * 44 + 28 * 45, 2945 = 23 * 27 + 28 * 83
res = 559 : 5098 = 170 * 15 + 49 * 52, 7126 = 170 * 63 + 49 * 16
res = 315 : 9618 = 84 * 74 + 63 * 54, 7497 = 84 * 33 + 63 * 75
res = 231 : 5632 = 55 * 22 + 66 * 67, 7568 = 55 * 86 + 66 * 43
res = 231 : 5632 = 122 * 22 + 44 * 67, 7568 = 122 * 86 + 44 * 43
res = 231 : 5632 = 189 * 22 + 22 * 67, 7568 = 189 * 86 + 22 * 43
res = 231 : 5632 = 256 * 22 + 0 * 67, 7568 = 256 * 86 + 0 * 43
res = 134 : 4456 = 34 * 84 + 32 * 50, 3590 = 34 * 19 + 32 * 92
res = 217 : 4645 = 55 * 23 + 52 * 65, 7318 = 55 * 82 + 52 * 54
res = 344 : 4992 = 10 * 91 + 314 * 13, 2142 = 10 * 36 + 314 * 33
res = 300 : 4992 = 21 * 91 + 237 * 13, 2142 = 21 * 36 + 237 * 33
res = 256 : 4992 = 32 * 91 + 160 * 13, 2142 = 32 * 36 + 160 * 33
res = 212 : 4992 = 43 * 91 + 83 * 13, 2142 = 43 * 36 + 83 * 33
res = 168 : 4992 = 54 * 91 + 6 * 13, 2142 = 54 * 36 + 6 * 33
res = 1395 : 10979 = 436 * 17 + 87 * 41, 10376 = 436 * 29 + 87 * 14
res = 267 : 3894 = 72 * 30 + 51 * 34, 6636 = 72 * 78 + 51 * 20
res = 106 : 4895 = 19 * 90 + 49 * 65, 4428 = 19 * 19 + 49 * 83
res = 254 : 8120 = 58 * 60 + 80 * 58, 4542 = 58 * 59 + 80 * 14
res = 847 : 18592 = 62 * 44 + 661 * 24, 11612 = 62 * 12 + 661 * 76
res = 847 : 18592 = 176 * 44 + 452 * 24, 11612 = 176 * 12 + 452 * 76
res = 847 : 18592 = 290 * 44 + 243 * 24, 11612 = 290 * 12 + 243 * 76
res = 847 : 18592 = 404 * 44 + 34 * 24, 11612 = 404 * 12 + 34 * 76
res = 111 : 4683 = 17 * 39 + 60 * 67, 1930 = 17 * 50 + 60 * 18
res = 230 : 4290 = 6 * 79 + 212 * 18, 3120 = 6 * 28 + 212 * 36
res = 205 : 4290 = 24 * 79 + 133 * 18, 3120 = 24 * 28 + 133 * 36
res = 180 : 4290 = 42 * 79 + 54 * 18, 3120 = 42 * 28 + 54 * 36
res = 150 : 4410 = 39 * 31 + 33 * 97, 4086 = 39 * 76 + 33 * 34
res = 283 : 8020 = 68 * 25 + 79 * 80, 4798 = 68 * 45 + 79 * 22
res = 283 : 8020 = 244 * 25 + 24 * 80, 4798 = 244 * 45 + 24 * 22
res = 105 : 4800 = 15 * 88 + 60 * 58, 4035 = 15 * 13 + 60 * 64
res = 222 : 7143 = 31 * 39 + 129 * 46, 18541 = 31 * 61 + 129 * 18
res = 690 : 15072 = 116 * 12 + 342 * 40, 12498 = 116 * 32 + 342 * 23
res = 690 : 15072 = 346 * 12 + 273 * 40, 12498 = 346 * 32 + 273 * 23
res = 690 : 15072 = 576 * 12 + 204 * 40, 12498 = 576 * 32 + 204 * 23
res = 690 : 15072 = 806 * 12 + 135 * 40, 12498 = 806 * 32 + 135 * 23
res = 690 : 15072 = 1036 * 12 + 66 * 40, 12498 = 1036 * 32 + 66 * 23
res = 281 : 7583 = 80 * 83 + 41 * 23, 6045 = 80 * 32 + 41 * 85
res = 241 : 6381 = 58 * 28 + 67 * 71, 7115 = 58 * 73 + 67 * 43
res = 104 : 7101 = 9 * 19 + 77 * 90, 4509 = 9 * 35 + 77 * 18
res = 104 : 7101 = 99 * 19 + 58 * 90, 4509 = 99 * 35 + 58 * 18
res = 104 : 7101 = 189 * 19 + 39 * 90, 4509 = 189 * 35 + 39 * 18
res = 104 : 7101 = 279 * 19 + 20 * 90, 4509 = 279 * 35 + 20 * 18
res = 104 : 7101 = 369 * 19 + 1 * 90, 4509 = 369 * 35 + 1 * 18
res = 180 : 4128 = 59 * 66 + 3 * 78, 4420 = 59 * 74 + 3 * 18
res = 29 : 2076 = 3 * 72 + 20 * 93, 705 = 3 * 95 + 20 * 21
res = 766 : 8817 = 145 * 22 + 331 * 17, 670 = 145 * 14 + 331 * 40
res = 247 : 10275 = 51 * 19 + 94 * 99, 12424 = 51 * 98 + 94 * 79
res = 113 : 6381 = 12 * 12 + 77 * 81, 5559 = 12 * 59 + 77 * 63
res = 113 : 6381 = 201 * 12 + 49 * 81, 5559 = 201 * 59 + 49 * 63
res = 113 : 6381 = 390 * 12 + 21 * 81, 5559 = 390 * 59 + 21 * 63
res = 1168 : 7448 = 386 * 18 + 10 * 50, 6884 = 386 * 41 + 10 * 17
res = 1053 : 10854 = 324 * 16 + 81 * 70, 2011 = 324 * 69 + 81 * 13
res = 179 : 4668 = 47 * 88 + 38 * 14, 6744 = 47 * 78 + 38 * 81
res = 252 : 2444 = 82 * 29 + 6 * 11, 2550 = 82 * 27 + 6 * 56
res = 73 : 2293 = 8 * 60 + 49 * 37, 4072 = 8 * 19 + 49 * 80
res = 211 : 3852 = 6 * 63 + 193 * 18, 4655 = 6 * 63 + 193 * 91
res = 198 : 3852 = 32 * 63 + 102 * 18, 4655 = 32 * 63 + 102 * 91
res = 185 : 3852 = 58 * 63 + 11 * 18, 4655 = 58 * 63 + 11 * 91
res = 1086 : 15622 = 38 * 53 + 972 * 14, 13840 = 38 * 20 + 972 * 30
res = 1053 : 15622 = 80 * 53 + 813 * 14, 13840 = 80 * 20 + 813 * 30
res = 1020 : 15622 = 122 * 53 + 654 * 14, 13840 = 122 * 20 + 654 * 30
res = 987 : 15622 = 164 * 53 + 495 * 14, 13840 = 164 * 20 + 495 * 30
res = 954 : 15622 = 206 * 53 + 336 * 14, 13840 = 206 * 20 + 336 * 30
res = 921 : 15622 = 248 * 53 + 177 * 14, 13840 = 248 * 20 + 177 * 30
res = 888 : 15622 = 290 * 53 + 18 * 14, 13840 = 290 * 20 + 18 * 30
res = 70 : 1485 = 19 * 59 + 13 * 28, 1447 = 19 * 31 + 13 * 66
res = 59 : 1249 = 16 * 43 + 11 * 51, 1098 = 16 * 15 + 11 * 78
res = 281 : 3098 = 92 * 29 + 5 * 86, 7264 = 92 * 77 + 5 * 36
res = 826 : 13954 = 173 * 15 + 307 * 37, 4596 = 173 * 54 + 307 * 14
res = 826 : 13954 = 432 * 15 + 202 * 37, 4596 = 432 * 54 + 202 * 14
res = 826 : 13954 = 691 * 15 + 97 * 37, 4596 = 691 * 54 + 97 * 14
res = 583 : 18780 = 47 * 14 + 442 * 41, 16672 = 47 * 44 + 442 * 12
res = 583 : 18780 = 170 * 14 + 400 * 41, 16672 = 170 * 44 + 400 * 12
res = 583 : 18780 = 293 * 14 + 358 * 41, 16672 = 293 * 44 + 358 * 12
res = 583 : 18780 = 416 * 14 + 316 * 41, 16672 = 416 * 44 + 316 * 12
res = 583 : 18780 = 539 * 14 + 274 * 41, 16672 = 539 * 44 + 274 * 12
res = 583 : 18780 = 662 * 14 + 232 * 41, 16672 = 662 * 44 + 232 * 12
res = 583 : 18780 = 785 * 14 + 190 * 41, 16672 = 785 * 44 + 190 * 12
res = 583 : 18780 = 908 * 14 + 148 * 41, 16672 = 908 * 44 + 148 * 12
res = 583 : 18780 = 1031 * 14 + 106 * 41, 16672 = 1031 * 44 + 106 * 12
res = 583 : 18780 = 1154 * 14 + 64 * 41, 16672 = 1154 * 44 + 64 * 12
res = 583 : 18780 = 1277 * 14 + 22 * 41, 16672 = 1277 * 44 + 22 * 12
res = 174 : 5965 = 35 * 62 + 69 * 55, 7395 = 35 * 24 + 69 * 95
res = 118 : 4120 = 20 * 32 + 58 * 60, 5984 = 20 * 15 + 58 * 98
res = 155 : 2622 = 34 * 21 + 53 * 36, 3259 = 34 * 60 + 53 * 23
res = 366 : 7061 = 11 * 97 + 333 * 18, 4112 = 11 * 40 + 333 * 36
res = 323 : 7061 = 29 * 97 + 236 * 18, 4112 = 29 * 40 + 236 * 36
res = 280 : 7061 = 47 * 97 + 139 * 18, 4112 = 47 * 40 + 139 * 36
res = 237 : 7061 = 65 * 97 + 42 * 18, 4112 = 65 * 40 + 42 * 36
res = 220 : 5708 = 57 * 52 + 49 * 56, 5638 = 57 * 80 + 49 * 22
res = 286 : 4906 = 67 * 58 + 85 * 12, 6716 = 67 * 33 + 85 * 53
res = 1339 : 7083 = 435 * 13 + 34 * 42, 1489 = 435 * 74 + 34 * 11
res = 123 : 2240 = 20 * 49 + 63 * 20, 3939 = 20 * 30 + 63 * 53
res = 75 : 2295 = 5 * 27 + 60 * 36, 4528 = 5 * 80 + 60 * 12
res = 75 : 2295 = 17 * 27 + 51 * 36, 4528 = 17 * 80 + 51 * 12
res = 75 : 2295 = 29 * 27 + 42 * 36, 4528 = 29 * 80 + 42 * 12
res = 75 : 2295 = 41 * 27 + 33 * 36, 4528 = 41 * 80 + 33 * 12
res = 75 : 2295 = 53 * 27 + 24 * 36, 4528 = 53 * 80 + 24 * 12
res = 75 : 2295 = 65 * 27 + 15 * 36, 4528 = 65 * 80 + 15 * 12
res = 75 : 2295 = 77 * 27 + 6 * 36, 4528 = 77 * 80 + 6 * 12
res = 267 : 5481 = 57 * 17 + 96 * 47, 8499 = 57 * 75 + 96 * 44
res = 173 : 2112 = 55 * 32 + 8 * 44, 1647 = 55 * 17 + 8 * 89
res = 303 : 5516 = 71 * 46 + 90 * 25, 4111 = 71 * 11 + 90 * 37
res = 167 : 8202 = 23 * 20 + 98 * 79, 9507 = 23 * 81 + 98 * 78
res = 117 : 3263 = 25 * 23 + 42 * 64, 1012 = 25 * 22 + 42 * 11
res = 117 : 3263 = 89 * 23 + 19 * 64, 1012 = 89 * 22 + 19 * 11
res = 238 : 7994 = 70 * 97 + 28 * 43, 5782 = 70 * 47 + 28 * 89
res = 365 : 2907 = 98 * 13 + 71 * 23, 9189 = 98 * 80 + 71 * 19
res = 1410 : 11712 = 426 * 12 + 132 * 50, 4956 = 426 * 38 + 132 * 27
res = 924 : 17186 = 107 * 31 + 603 * 23, 8631 = 107 * 16 + 603 * 37
res = 215 : 1722 = 68 * 14 + 11 * 70, 6755 = 68 * 94 + 11 * 33
res = 142 : 8685 = 15 * 94 + 97 * 75, 6321 = 15 * 14 + 97 * 63
res = 206 : 2191 = 63 * 31 + 17 * 14, 1666 = 63 * 16 + 17 * 47
res = 189 : 3001 = 55 * 31 + 24 * 54, 2621 = 55 * 11 + 24 * 84
res = 884 : 18097 = 193 * 59 + 305 * 22, 6278 = 193 * 20 + 305 * 62
res = 119 : 1184 = 37 * 16 + 8 * 74, 3830 = 37 * 86 + 8 * 81
res = 108 : 2524 = 2 * 38 + 102 * 24, 5466 = 2 * 33 + 102 * 72
res = 108 : 2524 = 26 * 38 + 64 * 24, 5466 = 26 * 33 + 64 * 72
res = 108 : 2524 = 50 * 38 + 26 * 24, 5466 = 50 * 33 + 26 * 72
res = 141 : 1821 = 41 * 15 + 18 * 67, 5440 = 41 * 98 + 18 * 79
res = 142 : 2298 = 22 * 63 + 76 * 12, 6752 = 22 * 34 + 76 * 79
res = 83 : 2795 = 20 * 42 + 23 * 85, 2188 = 20 * 68 + 23 * 36
res = 81 : 1251 = 24 * 30 + 9 * 59, 2088 = 24 * 75 + 9 * 32
res = 282 : 5436 = 78 * 18 + 48 * 84, 5388 = 78 * 58 + 48 * 18
res = 282 : 5436 = 204 * 18 + 21 * 84, 5388 = 204 * 58 + 21 * 18
res = 303 : 7919 = 68 * 16 + 99 * 69, 3927 = 68 * 33 + 99 * 17
res = 992 : 6348 = 295 * 11 + 107 * 29, 4946 = 295 * 57 + 107 * 13
res = 73 : 3823 = 8 * 92 + 49 * 63, 4145 = 8 * 22 + 49 * 81
res = 144 : 4404 = 39 * 97 + 27 * 23, 3966 = 39 * 47 + 27 * 79
res = 822 : 17166 = 162 * 79 + 336 * 13, 7294 = 162 * 26 + 336 * 67
res = 31 : 615 = 9 * 27 + 4 * 93, 979 = 9 * 91 + 4 * 40
res = 292 : 2402 = 79 * 13 + 55 * 25, 4648 = 79 * 47 + 55 * 17
res = 1638 : 12634 = 514 * 13 + 96 * 62, 18091 = 514 * 55 + 96 * 29
res = 901 : 17494 = 182 * 22 + 355 * 38, 19335 = 182 * 71 + 355 * 11
res = 901 : 17494 = 391 * 22 + 234 * 38, 19335 = 391 * 71 + 234 * 11
res = 901 : 17494 = 600 * 22 + 113 * 38, 19335 = 600 * 71 + 113 * 11
res = 294 : 2122 = 95 * 14 + 9 * 88, 7545 = 95 * 78 + 9 * 15
res = 124 : 6158 = 18 * 31 + 70 * 80, 1614 = 18 * 43 + 70 * 12
res = 134 : 6326 = 14 * 97 + 92 * 54, 9326 = 14 * 55 + 92 * 93
res = 748 : 14284 = 41 * 74 + 625 * 18, 10063 = 41 * 38 + 625 * 45
res = 698 : 14284 = 86 * 74 + 440 * 18, 10063 = 86 * 38 + 440 * 45
res = 648 : 14284 = 131 * 74 + 255 * 18, 10063 = 131 * 38 + 255 * 45
res = 598 : 14284 = 176 * 74 + 70 * 18, 10063 = 176 * 38 + 70 * 45
res = 291 : 8050 = 85 * 82 + 36 * 30, 8863 = 85 * 67 + 36 * 88
res = 119 : 7172 = 9 * 20 + 92 * 76, 4755 = 9 * 99 + 92 * 42
res = 119 : 7172 = 275 * 20 + 22 * 76, 4755 = 275 * 99 + 22 * 42
res = 222 : 6975 = 51 * 15 + 69 * 90, 9675 = 51 * 72 + 69 * 87
res = 222 : 6975 = 225 * 15 + 40 * 90, 9675 = 225 * 72 + 40 * 87
res = 222 : 6975 = 399 * 15 + 11 * 90, 9675 = 399 * 72 + 11 * 87
res = 318 : 8790 = 93 * 79 + 39 * 37, 3708 = 93 * 21 + 39 * 45
res = 149 : 5065 = 37 * 65 + 38 * 70, 3933 = 37 * 19 + 38 * 85
res = 179 : 3270 = 30 * 20 + 89 * 30, 9408 = 30 * 97 + 89 * 19
res = 179 : 3270 = 87 * 20 + 51 * 30, 9408 = 87 * 97 + 51 * 19
res = 179 : 3270 = 144 * 20 + 13 * 30, 9408 = 144 * 97 + 13 * 19
res = 315 : 10260 = 30 * 12 + 225 * 44, 11415 = 30 * 25 + 225 * 15
res = 315 : 10260 = 63 * 12 + 216 * 44, 11415 = 63 * 25 + 216 * 15
res = 315 : 10260 = 96 * 12 + 207 * 44, 11415 = 96 * 25 + 207 * 15
res = 315 : 10260 = 129 * 12 + 198 * 44, 11415 = 129 * 25 + 198 * 15
res = 315 : 10260 = 162 * 12 + 189 * 44, 11415 = 162 * 25 + 189 * 15
res = 315 : 10260 = 195 * 12 + 180 * 44, 11415 = 195 * 25 + 180 * 15
res = 315 : 10260 = 228 * 12 + 171 * 44, 11415 = 228 * 25 + 171 * 15
res = 315 : 10260 = 261 * 12 + 162 * 44, 11415 = 261 * 25 + 162 * 15
res = 315 : 10260 = 294 * 12 + 153 * 44, 11415 = 294 * 25 + 153 * 15
res = 315 : 10260 = 327 * 12 + 144 * 44, 11415 = 327 * 25 + 144 * 15
res = 315 : 10260 = 360 * 12 + 135 * 44, 11415 = 360 * 25 + 135 * 15
res = 315 : 10260 = 393 * 12 + 126 * 44, 11415 = 393 * 25 + 126 * 15
res = 315 : 10260 = 426 * 12 + 117 * 44, 11415 = 426 * 25 + 117 * 15
res = 315 : 10260 = 459 * 12 + 108 * 44, 11415 = 459 * 25 + 108 * 15
res = 315 : 10260 = 492 * 12 + 99 * 44, 11415 = 492 * 25 + 99 * 15
res = 315 : 10260 = 525 * 12 + 90 * 44, 11415 = 525 * 25 + 90 * 15
res = 315 : 10260 = 558 * 12 + 81 * 44, 11415 = 558 * 25 + 81 * 15
res = 315 : 10260 = 591 * 12 + 72 * 44, 11415 = 591 * 25 + 72 * 15
res = 315 : 10260 = 624 * 12 + 63 * 44, 11415 = 624 * 25 + 63 * 15
res = 315 : 10260 = 657 * 12 + 54 * 44, 11415 = 657 * 25 + 54 * 15
res = 315 : 10260 = 690 * 12 + 45 * 44, 11415 = 690 * 25 + 45 * 15
res = 315 : 10260 = 723 * 12 + 36 * 44, 11415 = 723 * 25 + 36 * 15
res = 315 : 10260 = 756 * 12 + 27 * 44, 11415 = 756 * 25 + 27 * 15
res = 315 : 10260 = 789 * 12 + 18 * 44, 11415 = 789 * 25 + 18 * 15
res = 315 : 10260 = 822 * 12 + 9 * 44, 11415 = 822 * 25 + 9 * 15
res = 315 : 10260 = 855 * 12 + 0 * 44, 11415 = 855 * 25 + 0 * 15
res = 311 : 7553 = 85 * 77 + 56 * 18, 14475 = 85 * 25 + 56 * 65
res = 608 : 9252 = 164 * 26 + 116 * 43, 9428 = 164 * 72 + 116 * 14
res = 324 : 4092 = 4 * 87 + 312 * 12, 4504 = 4 * 54 + 312 * 32
res = 256 : 4092 = 20 * 87 + 196 * 12, 4504 = 20 * 54 + 196 * 32
res = 188 : 4092 = 36 * 87 + 80 * 12, 4504 = 36 * 54 + 80 * 32
res = 210 : 5172 = 69 * 71 + 3 * 91, 6687 = 69 * 96 + 3 * 21
res = 239 : 2883 = 59 * 31 + 62 * 17, 3306 = 59 * 14 + 62 * 40
res = 308 : 9631 = 79 * 59 + 71 * 70, 7811 = 79 * 80 + 71 * 21
res = 331 : 9590 = 80 * 63 + 91 * 50, 10074 = 80 * 19 + 91 * 94
res = 263 : 4717 = 76 * 57 + 35 * 11, 3889 = 76 * 24 + 35 * 59
res = 357 : 7565 = 86 * 73 + 99 * 13, 12561 = 86 * 39 + 99 * 93
res = 313 : 11059 = 74 * 40 + 91 * 89, 8844 = 74 * 90 + 91 * 24
res = 55 : 1138 = 16 * 58 + 7 * 30, 770 = 16 * 21 + 7 * 62
res = 128 : 3388 = 31 * 63 + 35 * 41, 3431 = 31 * 26 + 35 * 75
res = 102 : 3436 = 25 * 37 + 27 * 93, 1180 = 25 * 31 + 27 * 15
res = 201 : 4254 = 66 * 63 + 3 * 32, 3495 = 66 * 49 + 3 * 87
res = 568 : 11724 = 146 * 34 + 130 * 52, 14514 = 146 * 64 + 130 * 22
res = 635 : 16916 = 16 * 30 + 587 * 28, 15754 = 16 * 16 + 587 * 54
res = 635 : 16916 = 394 * 30 + 182 * 28, 15754 = 394 * 16 + 182 * 54
res = 141 : 5267 = 23 * 13 + 72 * 69, 2506 = 23 * 62 + 72 * 15
res = 141 : 5267 = 368 * 13 + 7 * 69, 2506 = 368 * 62 + 7 * 15
res = 171 : 5046 = 2 * 48 + 165 * 30, 5008 = 2 * 14 + 165 * 60
res = 171 : 5046 = 32 * 48 + 117 * 30, 5008 = 32 * 14 + 117 * 60
res = 171 : 5046 = 62 * 48 + 69 * 30, 5008 = 62 * 14 + 69 * 60
res = 171 : 5046 = 92 * 48 + 21 * 30, 5008 = 92 * 14 + 21 * 60
res = 310 : 6386 = 93 * 43 + 31 * 77, 8308 = 93 * 77 + 31 * 37
res = 93 : 1299 = 23 * 21 + 24 * 34, 2457 = 23 * 15 + 24 * 88
res = 332 : 5272 = 78 * 50 + 98 * 14, 8766 = 78 * 37 + 98 * 60
