0	12880617894865
1	9242015695066
2	13287490178299
3	3271007213895
4	14094628931441
5	2764785541625
6	11183537773026
7	6526758949691
8	13761128155951
9	6171068731431
10	951
11	708
12	3058
13	2047
14	597
15	236
16	3419
17	1238
18	933
19	931
20	4527096398392
21	818
22	495
23	918
24	6106211297008
25	1870
26	2583438138776
27	1054
28	1745139722769
29	1029
30	1484
31	1698
32	3809173375625
33	1109
34	652
35	1065
36	1157221569460
37	467
38	814
39	1046
40	5756438723618
41	1233
42	1913
43	1776
44	4320
45	2203
46	1626
47	965
48	6275843208097
49	1860
50	1665
51	723
52	3107
53	1980
54	967
55	734
56	2098519385489
57	2098519383548
58	2177
59	1368
60	2641446857667
61	1530
62	1640
63	1832
64	3083
65	2147
66	1741
67	1225735235720
68	2119
69	1473
70	2612
71	1152
72	1415711623737
73	2187
74	1987
75	2384
76	4203
77	2583438139425
78	2195
79	1035
80	6621928133766
81	1379
82	1360
83	735
84	1157221569062
85	809
86	1157221568414
87	693
88	3054
89	1583
90	616
91	1157221567600
92	2862
93	497
94	2098519383484
95	518
96	6102523649378
97	704
98	905
99	841
104	692
106	187
112	1176
113	105
120	221
123	146
128	49
131	4
133	17
134	3
136	339
138	25
141	14
142	6
144	396
151	95
152	170
159	49
160	914
162	54
168	726
169	71
176	880
177	22
178	24
183	11
184	296
187	11
188	44
191	17
192	161
194	31
195	367
197	81
200	418
201	23
204	304
205	23
206	41
207	67
208	79
209	169
210	481
213	715
214	141
215	213
216	427
217	51
218	30
220	152
222	223
223	3
224	1004
225	200
226	1028
228	83
230	174
231	10
232	69
233	126
234	21
236	56
237	180
238	116
239	24
240	566
241	55
242	151
243	109
245	23
246	14
248	363
249	363
250	142
254	513
256	518
257	109
258	140
259	90
260	196
262	221
263	98
264	557
265	339
266	7
267	103
268	13
269	290
271	31
272	58
273	49
274	11
275	408
276	28
277	224
278	7
279	204
280	371
282	90
283	56
284	239
285	199
288	426
290	88
291	507
293	647
294	11
295	47
296	431
299	202
301	35
302	226
303	4
304	347
305	76
307	121
308	194
310	231
311	11
312	438
313	7
314	715
315	62
316	127
318	113
319	76
320	185
321	82
322	206
323	675
325	11
327	137
328	924
330	35
332	170
333	10
336	677
338	785
340	543
342	39
344	533
346	260
347	139
349	47
350	409
352	126
353	174
355	263
356	774
357	31
358	79
360	334
361	205
364	71
366	118
367	10
368	308
370	6
372	277
374	14
375	35
376	899
377	181
378	44
380	28
381	28
383	50
384	269
385	16
386	333
388	120
389	141
391	29
392	435
393	92
394	391
395	137
397	68
398	55
400	830
401	44
402	177
403	10
404	289
405	197
406	87
408	513
409	213
412	226
414	14
416	328
418	149
419	9
420	64
423	134
424	703
425	339
426	53
431	495
432	64
433	114
434	92
435	140
436	3
437	296
439	37
440	290
441	16
444	224
445	94
446	269
447	93
448	165
449	196
451	3
452	11
453	745
454	227
455	212
456	849
457	671
461	86
462	53
463	96
464	8
465	127
467	5
469	59
471	85
472	619
473	59
476	13
477	45
479	121
480	188
481	380
483	144
485	450
486	10
487	39
488	567
489	254
491	63
494	7
495	19
496	611
497	100
501	603
503	283
504	79
506	95
508	2
509	47
512	646
514	411
515	145
518	593
520	563
522	252
524	80
526	165
527	10
528	576
530	198
532	73
534	406
535	580
536	986
538	4
540	61
541	42
542	3
544	2188
545	103
548	23
550	51
552	187
553	126
554	178
556	264
558	18
560	2071
562	145
564	190
566	262
567	505
568	102
570	62
572	73
574	156
576	203
578	81
580	174
582	305
584	133
585	38
586	73
588	390
591	6
592	398
593	699
595	16
597	75
598	57
599	605
600	934
601	21
605	150
606	186
607	196
608	164
609	80
611	153
613	3
615	264
616	6
617	58
620	184
621	89
623	136
624	144
625	81
627	161
629	7
630	28
631	326
632	357
633	71
635	509
637	43
639	82
640	645
642	505
643	164
645	54
646	1
647	175
648	422
649	33
651	186
653	511
656	254
657	12
659	196
661	110
663	718
664	234
667	30
671	112
672	126
673	5
678	31
680	1527
684	532
688	1430
692	33
695	12
696	771
697	105
700	172
702	118
704	277
705	183
706	108
708	326
712	808
713	40
714	263
716	33
718	201
720	1093
722	21
724	53
728	882
729	47
730	135
731	141
736	300
740	75
741	51
742	15
744	366
748	3
750	10
752	977
756	11
758	58
759	22
760	811
761	686
763	143
765	46
767	43
768	279
769	26
771	21
775	25
776	210
777	216
778	196
779	16
781	383
784	345
785	89
786	142
787	105
791	19
792	518
793	326
794	23
795	61
797	317
799	239
800	436
803	99
805	42
808	279
809	644
811	50
813	149
815	418
816	567
817	273
818	190
819	152
820	135
821	176
824	42
825	422
827	159
828	15
829	2
830	7
831	11
832	359
833	144
836	43
837	21
838	148
839	152
840	813
841	258
843	9
846	120
847	49
848	378
849	95
850	43
852	9
854	141
855	45
856	128
857	24
858	514
859	103
860	273
862	219
865	56
866	13
872	1629
874	89
875	163
876	88
878	74
880	428
882	1
883	23
884	232
885	28
888	264
890	186
891	1
892	11
893	40
894	23
896	464
897	190
898	151
899	96
900	75
901	33
902	191
904	112
906	165
908	140
910	141
912	354
914	12
916	563
918	178
919	15
920	819
922	604
924	485
927	62
928	218
929	3
930	17
933	68
935	39
936	450
937	79
938	100
939	8
941	174
943	326
944	661
945	2
946	56
949	45
952	526
953	51
955	431
957	55
959	1
960	73
962	49
963	31
965	30
968	1278
969	104
971	204
973	283
976	294
977	131
980	122
981	308
982	10
983	26
984	731
985	31
987	483
989	183
990	239
991	37
992	241
993	60
999	53
1008	6
1040	24
1112	1
1128	78
1152	66
1168	67
1184	15
1200	239
1216	119
1248	75
1256	125
1272	37
1280	54
1312	110
1328	709
1344	408
1360	175
1376	342
1400	26
1424	18
1448	239
1488	109
1504	2
1568	18
1576	130
1600	34
1632	9
1648	8
1696	475
1752	419
1768	79
1776	62
1792	322
1840	332
1896	79
1912	87
1920	197
1928	28
1952	70
1968	23
1984	103
2000	213
2016	168
2024	6080148637464
2048	790595824820
2056	8
2072	236
2088	174
2128	91
2144	50
2160	446
2176	73
2200	31
2216	78
2232	12
2248	49
2272	45
2304	229
2318	3
2336	157
2338	75
2360	76
2383	186
2408	1
2424	16
2441	49
2448	463
2457	3195088001552
2461	30
2480	260
2496	151
2512	79
2536	39
2544	179
2564	118
2576	31
2592	195
2608	3929583542797
2623	24
2624	17
2656	13
2672	10
2680	53
2688	28
2696	50
2726	37
2744	28
2746	9
2765	76
2816	86
2832	23
2848	2
2849	81
2856	34
2864	28
2867	1865262967713
2880	790595824820
2888	709
2896	6
2904	24
2928	205
2992	105
3008	2
3016	99
3031	18
3064	83
3072	84
3088	2
3104	282
3120	79
3136	146
3154	168
3168	84
3173	6
3176	223
3184	1
3192	380
3200	151
3248	134
3264	20
3277	3929583542792
3280	530
3296	123
3312	302
3316	1
3344	98
3352	22
3392	221
3400	28
3419	319
3424	109
3472	43
3520	60
3552	9
3568	124
3584	69
3600	168
3616	7
3632	87
3664	35
3672	7
3685	79
3686	1762438707462
3724	34
3760	56
3776	17
3816	27
3827	19
3848	8
3904	105
3920	113
3936	5
3937	107
3950	299
3976	259
3984	22
3992	153
4000	113
4008	325
4016	59
4024	191
4048	8757927841508
4080	80
4096	68
4104	10
4112	303
4120	56
4132	103
4151	191
4153	276
4168	44
4170	121
4178	32
4195	43
4220	16
4224	8
4235	57
4245	342
4255	31
4256	1019
4261	158
4270	55
4272	57
4294	259
4311	299
4328	118
4344	71
4361	78
4377	261
4378	84
4384	86
4394	83
4400	529
4410	30
4416	669
4417	62
4427	160
4432	37
4435	266
4444	473
4456	16
4460	4
4477	24
4485	22
4493	2
4504	70
4510	1019
4518	52
4520	121
4543	9
4544	94
4559	86
4560	28
4576	355
4585	41
4592	6
4593	80
4608	38
4609	115
4616	122
4624	186
4626	6
4643	943
4659	78
4676	65
4680	80
4682	22
4692	128
4701	239
4702	18
4704	117
4709	37
4726	23
4736	24
4742	49
4752	26
4759	93
4775	108
4784	22
4786	9
4792	108
4808	168
4809	81
4824	127
4825	489
4840	1019
4842	73
4850	19
4858	24
4864	1
4875	174
4880	64
4908	191
4912	264
4916	332
4949	42
4952	13
4958	28
4966	264
4974	413
4983	8
5000	160
5016	60
5024	119
5032	84
5040	1
5041	79
5049	26
5066	78
5071	98
5082	1
5090	408
5099	129
5107	7
5110	70
5112	99
5115	21
5120	17
5140	94
5148	52
5165	70
5173	56
5182	53
5184	2
5198	71
5200	75
5213	256
5215	1
5223	18
5231	140
5232	322
5233	179
5240	175
5248	324
5252	26
5265	256
5281	19
5288	181
5298	49
5304	4
5306	322
5312	80
5323	239
5331	77
5336	259
5344	109
5347	27
5356	128
5364	68
5372	195
5381	25
5392	18
5397	81
5408	27
5414	213
5439	123
5447	5
5448	19
5463	59
5480	35
5497	302
5504	59
5505	127
5518	64
5520	118
5530	17
5536	40
5537	15
5552	94
5563	66
5571	49
5579	5
5608	31
5621	125
5638	695
5641	8
5656	299
5671	260
5680	23
5704	669
5712	66
5737	15
5760	109
5762	4
5764	60
5768	57
5770	319
5779	37
5800	98
5803	78
5804	85
5820	44
5824	46
5837	121
5840	18
5845	79
5853	43
5856	179
5870	127
5872	35
5888	22
5903	325
5911	21
5919	95
5928	28
5936	98
5944	22
5953	87
5969	527
5986	8
6000	1
6002	31
6016	382
6032	1865262967794
6036	419
6044	24
6049	302
6052	75
6060	80
6062	2
6068	285
6072	2156708632785
6088	197
6102	147
6104	43
6112	32
6120	24
6135	40
6143	21
6152	2
6168	141
6176	303
6191	15
6208	120
6211	79
6230	320
6232	209
6235	408
6268	3
6280	19
6284	41
6288	191
6293	12
6301	380
6309	303
6320	6
6326	50
6342	14
6352	15
6359	28
6367	120
6368	49
6376	8
6392	205
6425	21
6434	103
6440	71
6442	113
6450	84
6458	6
6475	179
6480	273
6496	229
6500	168
6508	30
6517	70
6525	56
6528	858
6552	72
6558	7
6566	223
6568	10
6574	131
6583	17
6591	31
6599	25
6600	21
6608	130
6616	56
6619	6
6624	112
6633	213
6640	153
6656	223
6657	50
6672	135
6674	19
6688	1
6699	116
6707	285
6724	22
6728	18
6740	72
6757	181
6761	116
6765	266
6774	125
6776	9
6782	78
6790	75
6798	64
6800	14
6807	67
6816	353
6832	30
6840	179
6848	26
6856	63
6865	60
6873	1
6881	2
6888	70
6890	6
6898	153
6904	86
6906	75
6912	72
6923	16
6931	28
6936	4
6939	2
6944	3
6948	79
6956	64
6960	23
6964	369
6973	103
6976	75
6989	9
6992	37
7007	93
7008	332
7014	57
7022	18
7027	527
7030	171
7039	50
7046	6
7047	23
7048	131
7064	128
7080	275
7089	16
7096	261
7097	69
7105	10
7113	218
7120	162
7122	39
7130	118
7147	109
7172	23
7180	6
7184	46
7208	38
7230	709
7232	186
7246	46
7255	75
7263	20
7264	22
7279	38
7292	175
7296	269
7312	84
7321	13
7328	559
7329	99
7331	204
7337	20
7344	316
7362	131
7376	204
7379	99
7384	285
7387	1
7395	2
7404	23
7412	13
7415	55
7424	58
7429	229
7435	35
7437	78
7440	320
7445	70
7453	62
7462	34
7470	18
7472	141
7474	23
7478	75
7488	56
7495	51
7504	351
7511	55
7520	59
7528	63
7536	49
7544	112
7545	76
7558	1019
7561	138
7578	5
7584	6
7594	247
7597	28
7611	94
7616	365
7619	8
7628	340
7644	273
7648	408
7661	204
7680	4
7686	26
7694	86
7711	6
7720	75
7728	273
7735	27
7739	23
7752	21
7760	232
7768	16
7777	31
7785	2
7792	146
7802	66
7818	162
7824	52
7827	302
7835	2
7843	23
7848	24
7864	369
7868	21
7880	527
7882	13
7888	19
7893	259
7896	413
7901	23
7918	197
7920	81
7934	18
7936	94
7951	1
7952	21
7959	24
7976	27
7984	280
7985	140
8001	12
8005	113
8024	2
8025	586
8034	53
8050	121
8067	122
8092	124
8096	9283544182678
8100	72
8108	158
8112	14
8125	59
8128	145
8133	158
8150	16
8158	320
8167	274
8183	191
8184	64
8200	76
8208	124
8216	15
8225	110
8233	22
8240	256
8272	323
8283	23
8288	428
8304	108
8309	158
8320	19
8328	15
8376	140
8393	49
8413	87
8464	128
8480	299
8488	158
8520	21
8536	60
8552	276
8575	23
8576	247
8592	25
8624	223
8640	396
8648	121
8678	18
8680	80
8698	103
8712	74
8717	273
8736	178
8768	175
8784	84
8821	59
8824	75
8832	259
8840	19
8872	2
8896	18
8912	671
8944	291
8960	18
8963	669
8976	93
8984	2
9002	59
9032	30
9072	63
9120	18
9184	1762438707462
9216	16
9229	413
9248	41
9268	2
9280	259
9296	1
9304	27
9320	72
9328	49
9360	55
9371	1
9391	21
9440	277
9456	3195088001552
9480	50
9494	342
9536	158
9552	218
9637	22
9640	131
9656	5
9676	75
9680	23
9696	586
9712	171
9779	23
9799	22
9816	31
9818	109
9872	62
9888	348
9904	59
9922	264
9952	93
9961	1
9976	95
10120	1823610097676
10240	154
11456	15
11552	134
11776	238
12064	46
12144	7364832793442
12160	62
12672	149
12960	56
13472	55
13568	12
13664	96
14080	101
14168	4301757344924
14272	1016
14784	47
14976	19
15584	229
15680	18
16192	9061264545071
16288	111
16800	32
16896	483
18208	96
18216	4060942547174
18400	49
18912	26
19104	1
19456	142
19520	382
20278	17
20319	434
20320	14
20359	66
20416	156
20512	275
20523	390
20605	161
20646	47
20728	46
20851	50
20928	54
20974	426
21024	42
21056	235
21097	67
21220	393
21302	382
21384	149
21466	46
21547	105
21588	2
21629	390
21632	122
21711	98
21793	54
21824	60
21875	206
21916	395
21957	665
22039	5
22121	39
22162	25
22203	6
22285	1368
22326	73
22449	17
22528	117
22531	32
22613	93
22654	71
22695	103
22776	133
22858	18
22940	1254
23022	99
23104	105
23136	41
23186	189
23227	322
23232	32
23268	82
23350	43
23432	54
23514	109
23596	125
23648	17
23678	54
23760	101
23840	532
23842	186
23924	93
23964	29
24005	56
24087	245
24210	1
24251	238
24292	445
24374	6
24456	54
24497	33
24538	351
24579	528
24620	16
24784	99
24825	140
24866	122
24907	96
24948	47
25030	94
25056	140
25152	550
25193	164
25234	9
25248	100
25275	28
25398	130
25439	56
25521	95
25562	109
25603	71
25685	91
25760	341
25767	3
25808	16
25849	191
25856	246
25890	217
25931	44
25952	56
26013	341
26095	26
26177	46
26218	396
26300	322
26340	73
26368	393
26422	31
26463	6
26464	142
26504	85
26545	310
26560	1
26586	37
26668	82
26750	288
26873	162
26914	9
26996	116
27078	85
27160	387
27201	142
27264	118
27324	17
27360	19
27488	86
27528	79
27569	9
27774	32
27776	125
27856	943
27872	15
28020	371
28184	906
28348	26
28471	14
28480	99
28512	483
28553	55
28672	116
28676	123
28757	52
28839	197
28880	93
28921	63
29003	179
29167	453
29208	27
29249	181
29331	27
29413	135
29495	615
29577	15
29659	42
29823	522
29864	27
29888	387
29905	86
29945	103
29952	3
29984	367
30080	270
30150	184
30314	45
30355	34
30396	6
30478	211
30592	26
30642	3
30688	111
30724	2
30784	458
30806	550
30970	15
31052	36
31093	15
31133	466
31174	435
31256	96
31338	21
31420	24
31461	179
31502	19
31584	20
31748	19
31789	116
31830	137
31871	122
31912	3
31994	246
32000	2
32096	284
32117	229
32158	62
32199	123
32240	80
32403	16
32444	267
32485	205
32526	27
32567	42
32608	44
32649	181
32704	3
32731	195
32772	270
32895	79
32977	23
33100	211
33141	367
33182	1
33223	41
33305	111
33387	277
33408	211
33428	368
33469	195
33509	116
33550	70
33591	88
33632	112
33755	29
33796	196
33878	106
33919	7
33920	73
33960	2
34001	5
34042	10
34083	215
34112	10
34124	114
34208	12
34247	24
34288	10
34329	111
34370	118
34411	532
34452	156
34534	12
34624	109
34657	51
34697	34
34720	615
34738	280
34779	76
34816	4
34820	24
34902	14
34984	103
35025	26
35066	87
35107	18
35148	362
35189	62
35230	160
35312	155
35435	37
35476	4
35722	1016
35804	58
35845	113
35886	68
35967	48
36032	217
36049	285
36128	122
36131	2
36172	10
36213	135
36224	342
36254	20
36377	209
36459	125
36541	15
36582	32
36623	10
36640	67
36705	284
36736	85
36746	116
36787	100
36828	60
36869	49
36910	19
36928	35
36951	134
37033	62
37114	76
37196	72
37278	95
37344	1368
37360	223
37442	9
37524	388
37536	24
37606	117
37632	2
37647	7
37688	522
37770	370
37852	342
37975	56
38016	117
38057	1
38098	18
38221	27
38240	37
38302	25
38343	298
38384	66
38425	63
38466	1
38548	126
38630	223
38671	417
38712	5
38753	30
38848	3
38876	24
38944	10
38958	1
38999	336
39040	35
39122	270
39204	32
39327	56
39409	32
39450	26
39456	191
39531	29
39552	137
39654	835
39695	73
39777	148
39859	180
39982	176
40023	84
40064	235
40146	87
40187	197
40228	2
40269	12
40310	458
40351	19
40352	336
40433	275
40515	96
40556	154
40597	24
40638	146
40678	35
40924	34
41056	197
41472	54
41568	135
42176	16
42368	32
42880	16
42976	116
43072	370
43584	116
43680	23
43776	1
44192	6
44288	906
44480	87
45600	528
45792	15
46304	3
46400	19
46912	426
47616	25
47808	114
48320	43
48416	27
48512	155
49024	351
49920	522
50432	9
50528	79
50624	24
51040	39
51232	215
52448	33
52544	211
52640	125
53152	91
53344	7
53856	162
54656	10
54752	84
55168	82
55264	181
55360	160
55872	54
56768	117
57184	50
57888	5
57984	371
58080	5
58176	176
58592	322
58688	27
58784	62
59392	6
59488	209
60000	71
60096	20
60800	270
60896	30
61504	2
62016	189
62112	453
62208	362
62720	6
62816	34
63424	134
63616	388
64128	288
64224	195
64320	5
64736	665
64928	7
65632	18
66240	45
66848	95
66944	19
67456	46
67744	417
68160	395
68352	106
68448	180
68864	105
69056	87
69568	445
69760	20
70368	179
70464	9
70976	82
71072	181
71168	223
71584	206
71680	943
72480	26
72992	238
73184	135
73696	56
73792	24
73920	326
74304	47
75200	196
75296	148
75712	99
75808	179
75904	103
76416	1
76608	10
77120	130
77312	223
77728	161
77824	37
77920	42
78016	126
78432	54
78528	32
78624	29
79424	34
79936	184
80032	2
80640	21
81248	310
81344	27
82144	73
82560	1254
82656	63
82752	14
84160	95
84576	390
84672	85
84768	205
84864	1
85280	98
85568	835
86080	93
86688	245
86880	285
87392	28
87488	96
88096	6
88192	267
88288	63
88896	112
89408	18
89504	197
89600	24
90816	9
91008	72
91520	31
91616	16
91712	66
92096	17
92128	390
92320	88
93024	76
93536	56
93728	48
94240	164
94336	435
95136	298
95552	2
95648	9
95744	70
95840	29
96256	133
96352	52
96448	280
96960	29
97056	103
97760	466
97856	76
98272	66
98368	73
98560	25
98976	105
99072	79
99168	116
99872	34
99968	35
113088	130
120768	123
123584	35
131264	5
134080	5
138944	53
141760	11
152256	64
162752	76
170432	1
176064	111
178112	42
183744	13
188608	63
191424	21
194240	41
197056	108
201920	25
204501	326
206598	5
206991	50
207385	25
207552	73
209089	34
209600	19
209875	150
210496	553
214544	215
214857	32
215250	140
215643	85
217741	73
218048	32
218527	7
220096	75
220625	108
223902	3
224295	41
225728	189
225999	48
226393	111
226688	995
226786	110
228712	103
228883	31
230592	207
232554	82
233408	145
234258	29
236224	90
237142	3
237535	182
237929	5
238272	21
238322	136
239040	34
240026	248
240419	15
240813	35
241088	73
242880	186
243303	3
243697	130
245794	38
246187	9
246720	2
248285	1
248768	71
248952	134
249071	184
249465	17
254053	132
254446	316
254839	266
256937	2
257216	132
257330	18
259072	52
259821	90
260607	199
262080	72
262705	189
263098	118
263296	11
263491	6
264896	31
265144	6
265195	371
265982	7
268866	6
269192	25
269760	290
271216	5
271357	41
273847	57
274241	13
275264	364
275392	178
276338	35
277518	264
278208	1
279222	213
279312	33
280009	76
280256	64
280402	91
282106	67
282893	64
283072	78
284990	290
285384	9
285777	11
288267	114
288661	5
290752	45
290758	79
291151	133
291456	361
291545	123
293249	182
293642	683
296384	182
296919	12
299017	178
299803	98
301248	2
301901	31
302294	23
302818	224
304391	33
305624	89
307648	173
308062	170
308455	79
310159	60
310553	145
310946	64
313830	13
314560	766
315927	68
316714	145
318418	128
318811	31
319205	25
319598	71
321302	40
321695	12
321816	46
322089	21
322240	112
323840	770
325366	15
327463	101
327857	1
327888	60
330347	25
332736	26
332838	188
333231	11
336509	53
338213	766
338606	35
338999	5
340032	678
342056	56
344767	69
346472	238
346865	78
347258	171
349356	54
350535	562
352633	72
353728	240
355123	152
355910	205
356224	803
358007	20
358248	25
358401	73
360272	32
361285	207
361678	49
364169	75
366266	15
366659	130
367053	19
370392	7
372034	3
372416	265
372821	63
374918	28
375311	8
375705	42
377278	11
377409	240
378195	65
378488	8
380512	36
381079	43
383177	26
383963	24
386061	112
386454	233
386584	18
388608	151
389731	168
391436	3
391829	2
392222	58
392615	16
392656	38
394320	142
394680	350
394713	45
395106	194
397204	18
397597	64
398728	96
400481	290
400874	67
402578	41
402971	67
403758	11
404800	313
405376	136
405462	64
405855	50
406249	71
406824	31
409133	21
409526	31
412896	249
414920	31
416944	44
418968	59
420992	78
423016	132
425040	417
426368	82
431112	564
433136	143
434048	91
435160	168
437184	363
439208	44
441232	20
444544	264
445280	152
447360	110
449328	238
451352	2
452224	15
453376	867
455400	177
457424	956
457856	3
461472	80
465520	131
467544	11
469568	71
471592	87
473216	71
473616	14
476032	6
477664	66
479688	171
481712	114
483712	145
483736	18
485760	535
486528	7
487784	56
489344	140
489808	166
491832	107
494208	13
495880	37
497024	118
497904	11
501888	49
501952	336
503976	355
504704	64
506000	99
508024	3
509568	31
514096	451
515200	170
518016	18
518144	484
520168	93
520832	5
522192	124
522880	205
524216	104
526240	130
528512	316
530288	182
530560	11
532312	107
534336	483
536192	23
536360	294
538384	12
540408	80
541056	67
542432	7
544456	203
548504	39
550528	76
552552	58
554368	171
554576	7
556600	356
558624	35
560000	38
560648	208
562048	194
562672	11
564696	226
566720	351
567680	683
570768	105
572544	58
572792	44
574816	207
576840	149
578176	79
580888	1
580992	248
582912	315
585856	35
586960	66
588984	442
591488	3
593032	569
593536	233
595056	12
597080	52
599104	391
599168	290
601984	29
605176	218
606848	188
609224	37
609664	67
611248	178
613272	4
615296	332
617320	76
620160	213
621368	117
623392	162
627440	177
629464	3
630656	35
631488	345
633512	8
635520	28
635536	564
637560	59
639584	105
643632	106
645656	88
646016	3
647680	221
648832	40
649704	73
651728	197
653752	550
657800	11
659328	128
661848	166
663872	812
667008	15
667920	30
671968	160
673992	11
680064	631
684112	618
688160	472
692208	42
696256	472
700304	230
702328	127
706176	64
706376	66
708400	398
712448	91
714472	172
716672	41
718520	231
720544	672
722568	38
724592	96
728640	326
729152	41
730664	164
736736	56
740784	112
742808	4
744832	312
748880	4
750144	7
752928	257
756976	19
759000	35
760640	85
761024	684
763048	182
765072	72
768320	6
769120	23
771144	30
775192	46
777216	218
778816	199
779240	15
781264	268
781632	150
785312	88
786496	79
787336	124
791384	32
792128	50
793408	410
795432	70
797456	390
799480	151
799808	266
803528	46
805552	71
809600	640
811624	49
813648	150
815168	562
815672	15
817696	227
817984	98
819720	172
820800	184
821744	65
825792	466
827816	217
828480	12
831296	9
833888	208
836160	69
837936	12
841792	3
841984	312
843840	16
846032	125
848056	10
849472	133
850080	57
852288	15
854336	168
856152	117
857152	5
858176	741
859968	114
860200	318
862224	57
862784	182
872344	403
874368	79
875328	24
876392	109
878144	11
878416	65
880440	124
882464	2
884488	265
885824	43
888536	34
888640	25
890560	249
892584	14
894272	31
896320	65
897920	224
898656	208
899136	101
900680	113
902704	214
904728	76
904768	48
906752	171
906816	8
908776	161
912448	57
912824	4
914848	11
916872	569
918896	163
920128	12
920920	169
922944	689
924968	699
930624	31
933064	47
935088	45
937112	120
938304	130
939136	4
941120	68
941160	115
943936	371
945208	8
949256	43
953304	71
955328	528
957352	73
962112	60
963424	7
965448	49
969496	126
969792	20
971520	192
973544	259
977472	50
977592	118
980288	152
981640	358
983104	33
983664	2
985688	49
987712	497
987968	67
989736	200
993784	67
999856	7
1001880	27
1003904	570
1005928	109
1014024	491
1018072	220
1020096	66
1024144	85
1028192	1
1030216	53
1036288	569
1040336	339
1042360	96
1048432	546
1052480	530
1056528	210
1060576	68
1064624	142
1066648	2
1068672	483
1072720	134
1076768	68
1080816	371
1082840	564
1084864	827
1088912	5
1092960	62
1094984	42
1097008	4
1101056	1832
1103080	89
1109152	22
1113200	35
1117248	165
1119272	87
1121296	171
1125344	288
1129392	16
1133440	1761
1137488	158
1141536	141
1145584	275
1147608	453
1149632	85
1153680	60
1157728	78
1161776	154
1165824	167
1169872	78
1173920	150
1177968	256
1182016	141
1184040	15
1186064	54
1190112	328
1198208	362
1200232	574
1204280	8
1208328	71
1210352	63
1212376	472
1214400	766
1216424	14
1224520	144
1226544	150
1228568	130
1230592	124
1232616	85
1236664	144
1240712	10
1244760	247
1246784	17
1248808	50
1254880	197
1256904	97
1260952	124
1262976	161
1265000	96
1269048	133
1273096	4
1275120	35
1277144	270
1279168	293
1281192	46
1285240	422
1289288	56
1293336	87
1295360	591
1299408	453
1301432	140
1305480	41
1307504	4
1309528	117
1311552	421
1313576	61
1317624	143
1321672	435
1327744	248
1329768	6
1333816	171
1337864	102
1341912	557
1343936	245
1350008	34
1358104	138
1360128	124
1362152	8
1372272	33
1376320	1324
1384416	454
1392512	1290
1400608	27
1406680	14
1408704	664
1410728	103
1416800	175
1420848	73
1424896	265
1426920	174
1428944	71
1432992	271
1441088	647
1443112	27
1445136	235
1449184	39
1453232	182
1457280	870
1461328	22
1465376	66
1473472	836
1475496	52
1477520	129
1479544	124
1489664	294
1497760	74
1499784	44
1501808	11
1505856	256
1513952	2
1518000	2
1522048	800
1530144	12
1534192	54
1536216	20
1538240	626
1540264	496
1544312	137
1548360	39
1552408	44
1554432	239
1556456	17
1560504	20
1568600	47
1570624	202
1572648	167
1574672	130
1576696	9
1580744	341
1586816	327
1588840	73
1590864	142
1592888	103
1600984	14
1603008	414
1605032	316
1607056	37
1609080	75
1613128	262
1617176	255
1619200	401
1625272	125
1629320	53
1635392	270
1637416	462
1639440	3
1641464	69
1645512	161
1649560	407
1651584	483
1653608	250
1655632	139
1657656	114
1659680	168
1661704	144
1667776	44
1669800	316
1673848	164
1675872	17
1677896	6
1679920	7
1681944	8
1683968	289
1685992	127
1692064	44
1694088	6
1696112	135
1698136	158
1700160	678
1702184	197
1706232	13
1712304	77
1714328	58
1716352	361
1718376	89
1720400	36
1724448	10
1728496	124
1730520	38
1732544	98
1734568	22
1736592	490
1738616	80
1740640	217
1744688	204
1750760	44
1752784	7
1764928	1295
1768976	90
1771000	131
1773024	65
1777072	78
1781120	411
1787192	25
1789216	217
1791240	30
1797312	243
1801360	173
1803384	6
1805408	5
1807432	41
1809456	25
1813504	447
1815528	139
1817552	150
1819576	120
1821600	80
1823624	31
1825648	162
1829696	115
1833744	117
1837792	125
1841840	131
1845888	316
1849936	6
1853984	409
1858032	165
1860056	17
1862080	688
1866128	501
1870176	464
1876248	59
1878272	164
1880296	5
1882320	24
1888392	47
1892440	32
1894464	393
1896488	63
1898512	89
1900536	5
1904584	135
1908632	288
1910656	562
1912680	9
1914704	44
1920776	46
1924824	1
1926848	424
1928872	41
1932920	421
1936968	37
1941016	6
1943040	54
1947088	46
1949112	25
1953160	28
1959232	1142
1961256	107
1965304	199
1969352	192
1975424	232
1977448	132
1983520	100
1985544	263
1987568	2
1989592	26
1991616	612
1993640	25
1997688	379
2001736	172
2003760	207
2005784	38
2007808	215
2009832	38
2021976	44
20482880	1196077878017
20725760	142
23186944	10
23381248	103
23834624	204
24417536	44
24579456	4839443832148
24611840	60
25648128	111
26231040	41
27267328	59
27461632	7
27655936	104
28497920	79
28676032	2824573102858
28886528	861
29922816	41
30311424	28
31542016	195
31736320	13
32772608	5958865836892
32966912	85
34003200	24
34197504	405
36852992	108
36869184	2670452480079
37241600	50
38277888	24
38666496	2
39378944	86
39508480	331
41042672	11
41125656	365
41127680	7
41206616	56
41321984	136
41516288	265
41538552	298
41704520	149
41787504	38
41953472	55
42202424	36
42358272	43
42451376	381
42552576	43
42617344	220
42700328	79
42949280	355
43115248	331
43281216	111
43447184	50
43611128	94
43694112	4
43777096	295
43783168	115
43943064	100
44109032	48
44171776	50
44275000	261
44357984	321
44440968	529
44606936	6
44772904	35
44855888	24
44938872	2
45104840	1090
45187824	50
45436776	17
45596672	118
45602744	24
45768712	107
45851696	51
45934680	107
46098624	184
46264592	7
46430560	1109
46596528	79
46762496	78
46827264	35
46928464	148
47011448	273
47021568	33
47094432	62
47260400	48
47426368	68
47592336	97
47758304	95
47863552	17
47924272	43
48090240	79
48252160	438
48256208	146
48422176	75
48503136	13
48586120	41
48752088	198
49001040	2
49084024	229
49167008	445
49332976	10
49498944	35
49581928	31
49664912	316
49747896	519
49830880	15
50162816	86
50245800	86
50328784	115
50411768	108
50494752	41
50660720	93
50713344	86
50826688	1
50907648	525
50990632	161
51073616	3
51101952	82
51156600	30
51405552	106
51488536	68
51654504	91
51737488	85
51820472	42
51986440	64
52138240	245
52152408	5
52235392	20
52318376	168
52332544	207
52401360	199
52484344	43
52526848	31
52650312	245
52816280	24
52982248	44
53065232	363
53231200	273
53312160	95
53368832	355
53478128	42
53561112	2
53563136	142
53644096	87
53727080	242
53757440	1
53810064	32
53976032	101
54142000	285
54390952	160
54473936	3
54639904	127
54805872	44
54971840	399
55054824	142
55182336	116
55303776	16
55376640	19
55635712	83
55716672	61
55799656	2
56214576	18
56218624	95
56380544	869
56412928	16
56712480	263
57044416	722
57376352	13
57625304	7
57643520	86
57708288	405
57791272	59
58032128	112
58040224	116
58204168	62
58370136	156
58453120	105
58536104	57
58702072	158
59034008	423
59116992	21
59199976	140
59365944	14
59531912	121
59697880	545
59863848	16
60029816	43
60361752	515
60444736	18
60493312	399
60527720	78
60608680	67
60622848	3
60687616	319
60881920	258
61023600	172
61355536	58
61438520	28
61521504	3
61687472	183
61918208	13
62112512	73
62185376	4
62306816	398
62351344	525
62683280	10
62849248	38
62932232	13
63013192	404
63096176	364
63262144	104
63428112	29
63594080	18
63677064	152
63760048	15
63926016	11
64257952	18
64340936	123
64423920	107
64506904	115
64589888	8
64755856	207
64768000	4
64962304	281
65004808	195
65087792	60
65170776	74
65253760	64
65583672	15
65666656	316
65749640	188
65832624	17
65915608	34
65998592	43
66081576	162
66192896	8
66247544	170
66330528	271
66579480	75
66745448	37
66994400	188
67077384	319
67160368	1
67243352	35
67409320	85
67575288	246
67617792	188
67658272	341
67741256	163
67822216	112
67905200	78
67988184	101
68071168	88
68320120	35
68403104	248
68569072	115
68652056	4
68654080	50
68735040	1
68818024	10
68901008	2
68983992	209
69042688	10
69066976	79
69236992	17
69315928	18
69398912	10
69481896	73
69564880	116
69647864	438
69730848	136
69896816	7
70078976	97
70145768	65
70226728	29
70273280	545
70309712	180
70392696	58
70467584	5
70475680	24
70641648	4
70807616	67
70890600	23
70973584	66
71056568	13
71139552	335
71222536	60
71305520	128
71471488	102
71720440	32
71803424	5
72301328	861
72467296	55
72550280	69
72633264	48
72797208	36
72928768	199
72963176	212
73123072	115
73129144	3
73212128	19
73295112	125
73317376	319
73378096	23
73627048	147
73793016	134
73958984	9
74041968	19
74124952	19
74159360	79
74290920	281
74353664	44
74373904	112
74456888	82
74539872	50
74622856	50
74705840	28
74742272	40
74788824	103
74954792	74
75118736	77
75284704	83
75450672	56
75584256	1090
75616640	175
75782608	3
75948576	297
75972864	18
76114544	99
76167168	4
76197528	4
76280512	460
76446480	315
76612448	319
76861400	31
76944384	118
77027368	2
77110352	13
77359304	36
77397760	32
77523248	17
77606232	221
77689216	22
77772200	72
77855184	2
78021152	93
78187120	169
78270104	354
78353088	2
78436072	21
78685024	23
78822656	19
78933976	252
79016960	40
79182928	258
79348896	33
79597848	41
79763816	13
79846800	8
79858944	168
80010744	20
80053248	107
80259696	749
80342680	63
80508648	126
80674616	119
80923568	159
81006552	69
81089536	220
81255504	61
81338488	176
81421472	4
81504456	17
81587440	398
81670424	19
81672448	252
81836392	265
82002360	104
82085344	142
82168328	28
82251312	125
82332272	34
82830176	36
83097344	176
83939328	68
84133632	121
85364224	15
85752832	19
86789120	20
86983424	123
87177728	315
88214016	127
88408320	37
89444608	2
89638912	722
90027520	61
92294400	519
92683008	9
93719296	5
93913600	18
94949888	381
96374784	24
96763392	79
97799680	48
97993984	14
98188288	102
99224576	316
101038080	460
102074368	3
102268672	75
102462976	23
103304960	35
103693568	209
106154752	31
106349056	183
106543360	134
107579648	64
107968256	4
109004544	160
110623744	2
110818048	69
111660032	62
111854336	140
112048640	128
113084928	35
114898432	99
115740416	36
117165312	6
117359616	263
117553920	10
117748224	159
118590208	273
118784512	21
118978816	60
120209408	3
120403712	147
121440000	42
121634304	11
123059200	271
123253504	21
124484096	1
125520384	148
125714688	423
125908992	335
126945280	10
127139584	28
128370176	101
128758784	297
129795072	285
129989376	170
130183680	2
131025664	529
131414272	4
132839168	13
134069760	58
135300352	91
135494656	15
136530944	55
137113856	354
137955840	321
138344448	115
138538752	119
139380736	78
139769344	66
140805632	445
141194240	23
142424832	152
142619136	3
143655424	101
143849728	162
144044032	169
144886016	261
145080320	869
146699520	23
147735808	229
148124416	125
149160704	68
149355008	18
149614080	292
150391296	38
152204800	248
152399104	126
153241088	79
153435392	158
153629696	67
154665984	2
155054592	19
156090880	106
156479488	175
157321472	149
157515776	32
157710080	34
157904384	93
158746368	48
158940672	18
159134976	35
160754176	36
161790464	172
161984768	3
163215360	29
164445952	242
164640256	17
166259456	63
167101440	1109
167295744	57
167490048	4
170339840	56
171181824	298
171376128	87
171570432	188
171764736	2
172606720	100
173189632	749
174225920	105
175456512	198
175845120	212
176881408	30
177075712	104
178306304	2
178500608	316
178694912	72
179925504	88
180961792	7
181156096	156
181350400	24
183811584	3
184200192	83
185236480	42
185430784	15
185625088	22
186402304	13
186467072	295
186855680	101
188280576	58
189316864	41
189705472	36
190741760	161
190936064	364
192555264	221
193397248	4
193591552	2
193785856	78
193980160	20
194822144	184
195016448	62
195210752	180
196247040	13
196441344	67
197866240	404
198060544	77
198902528	56
199096832	95
199485440	17
200327424	94
200521728	61
200716032	112
202140928	29
202335232	34
2027805120	17
2031901696	438
2035998272	68
2052384576	430
2060577728	212
2064674304	49
2072867456	69
2081060608	1
2085157184	29
2097446912	516
2105640064	295
2109736640	94
2122026368	441
2130219520	391
2138412672	183
2146605824	48
2154798976	124
2158895552	2
2162992128	387
2171185280	142
2179378432	57
2187571584	315
2191668160	447
2195764736	721
2203957888	1
2212151040	60
2216247616	35
2220344192	5
2228537344	1568
2232633920	71
2244923648	18
2253116800	36
2261309952	133
2265406528	85
2269503104	156
2277696256	214
2285889408	20
2294082560	1516
2302275712	92
2310468864	125
2318662016	188
2322758592	364
2326855168	70
2335048320	46
2343241472	62
2351434624	142
2359627776	129
2367820928	72
2376014080	132
2384207232	218
2392400384	80
2396496960	16
2400593536	50
2408786688	294
2425172992	261
2429269568	511
2437462720	9
2445655872	49
2449752448	43
2453849024	395
2457945600	639
2462042176	6
2478428480	122
2482525056	116
2486621632	143
2490718208	117
2494814784	63
2503007936	137
2519394240	250
2523490816	16
2527587392	43
2539877120	166
2543973696	76
2552166848	117
2556263424	112
2560360000	55
2568553152	85
2576746304	6
2580842880	18
2584939456	240
2589036032	260
2593132608	60
2601325760	359
2609518912	31
2617712064	42
2621808640	460
2630001792	364
2634098368	113
2642291520	50
2646388096	1
2650484672	120
2654581248	310
2658677824	31
2666870976	117
2675064128	360
2687353856	201
2691450432	11
2699643584	146
2707836736	78
2716029888	490
2720126464	190
2732416192	30
2748802496	82
2752899072	81
2756995648	2
2777478528	21
2785671680	1168
2802057984	385
2818444288	940
2834830592	25
2847120320	5
2851216896	545
2855313472	60
2867603200	137
2875796352	81
2883989504	194
2888086080	153
2892182656	72
2900375808	244
2916762112	583
2920858688	25
2924955264	185
2933148416	24
2941341568	117
2949534720	840
2957727872	16
2965921024	45
2982307328	636
2986403904	19
2990500480	119
2994597056	105
3015079936	220
3031466240	84
3035562816	37
3039659392	12
3047852544	256
3064238848	4
3072432000	2
3080625152	679
3097011456	7
3105204608	57
3109301184	16
3113397760	579
3117494336	468
3125687488	108
3133880640	39
3142073792	39
3146170368	198
3150266944	20
3158460096	23
3174846400	15
3178942976	133
3183039552	152
3187136128	143
3191232704	5
3199425856	297
3211715584	286
3215812160	82
3219908736	104
3224005312	67
3240391616	17
3244488192	349
3248584768	273
3252681344	19
3256777920	42
3264971072	225
3273164224	231
3277260800	327
3289550528	90
3297743680	38
3310033408	258
3314129984	395
3318226560	2
3322323136	34
3330516288	113
3338709440	335
3342806016	428
3346902592	231
3350999168	122
3355095744	122
3359192320	109
3363288896	112
3375578624	42
3379675200	277
3387868352	123
3391964928	4
3400158080	8
3404254656	3
3408351232	279
3412447808	125
3424737536	39
3428834112	12
3432930688	100
3437027264	158
3441123840	624
3445220416	177
3453413568	7
3465703296	81
3469799872	47
3473896448	271
3477993024	76
3482089600	45
3490282752	9
3498475904	105
3502572480	23
3506669056	100
3510765632	17
3514862208	446
3518958784	61
3523055360	195
3531248512	158
3543538240	34
3547634816	3
3572214272	1118
3580407424	73
3584504000	115
3588600576	67
3596793728	40
3604986880	325
3613180032	2
3617276608	27
3621373184	189
3625469760	21
3637759488	204
3645952640	130
3650049216	1
3654145792	8
3658242368	28
3662338944	27
3670532096	360
3674628672	122
3678725248	117
3682821824	76
3686918400	63
3691014976	30
3695111552	135
3703304704	64
3711497856	107
3719691008	82
3727884160	102
3736077312	265
3744270464	11
3752463616	390
3760656768	153
3764753344	4
3768849920	554
3777043072	437
3785236224	428
3797525952	43
3801622528	153
3809815680	6
3822105408	43
3830298560	39
3834395136	300
3838491712	56
3842588288	59
3846684864	8
3854878016	119
3863071168	221
3867167744	487
3871264320	2
3875360896	31
3887650624	34
3895843776	1
3899940352	344
3904036928	39
3912230080	348
3920423232	32
3928616384	1
3932712960	50
3940906112	45
3945002688	18
3953195840	31
3965485568	967
3969582144	68
3977775296	135
3985968448	185
3998258176	219
4002354752	74
4014644480	99
4018741056	235
4022837632	2
4026934208	22
4031030784	538
4035127360	26
4043320512	335
4051513664	138
4055610240	156
4059706816	29
4063803392	177
4067899968	50
4092479424	38
204501073920	340
206598520832	5
206991792128	50
207385063424	21
209089239040	24
209875781632	153
214857218048	28
215250489344	141
215643760640	99
217741207552	71
218527750144	8
220625197056	123
223902457856	6
224295729152	72
225999904768	37
226393176064	95
226786447360	118
228883894272	42
232554426368	94
234258601984	16
237142591488	4
237535862784	260
237929134080	2
238322405376	124
240026580992	239
240419852288	21
240813123584	39
243303841792	2
243697113088	131
245794560000	53
246187831296	14
249071820800	213
249465092096	23
251955810304	1
254053257216	128
254446528512	325
254839799808	218
257330518016	21
259821236224	71
260607778816	247
262705225728	213
263098497024	112
263491768320	2
265195943936	473
265982486528	8
268866476032	10
271357194240	40
273847912448	70
274241183744	8
276338630656	43
277518444544	302
279222620160	266
280009162752	63
280402434048	122
282106609664	65
282893152256	69
284990599168	332
285777141760	20
288267859968	120
288661131264	5
290758578176	81
291151849472	130
291545120768	162
293249296384	160
293642567680	695
296919828480	16
299017275392	191
299803817984	99
301901264896	52
302294536192	28
302818897920	247
304391983104	32
308062515200	179
308455786496	121
310159962112	78
310553233408	127
310946504704	80
313830494208	13
315927941120	94
316714483712	138
318418659328	121
318811930624	25
319205201920	31
319598473216	66
321302648832	30
321695920128	17
322089191424	30
325366452224	23
327463899136	147
330347888640	14
332838606848	195
333231878144	17
336509138944	53
338213314560	943
338606585856	43
338999857152	8
344767836160	76
346472011776	276
346865283072	68
347258554368	131
347651825664	2
349356001280	83
350535815168	586
352633262080	79
355123980288	174
355910522880	223
358007969792	21
358401241088	50
360891959296	1
361285230592	223
361678501888	31
364169220096	67
366266667008	6
366659938304	121
367053209600	23
372034646016	7
372821188608	55
374918635520	27
375311906816	7
375705178112	16
377278263296	18
377409353728	261
378195896320	64
381079885824	50
383177332736	24
383963875328	38
386061322240	129
386454593536	303
389731854336	209
391829301248	5
392222572544	75
392615843840	12
394320019456	115
394713290752	44
395106562048	171
397204008960	19
397597280256	80
400481269760	380
400874541056	55
402578716672	56
402971987968	77
403758530560	21
405462706176	78
405855977472	49
406249248768	78
409133238272	18
409526509568	22
